Using pre-set license
Built from '2021.3/staging' branch; Version is '2021.3.7f1 (24e8595d6d43) revision 2418777'; Using compiler version '192829333'; Build Type 'Release'
OS: 'Windows 10  (10.0.19044) 64bit Core' Language: 'en' Physical Memory: 16333 MB
BatchMode: 1, IsHumanControllingUs: 0, StartBugReporterOnCrash: 0, Is64bit: 1, IsPro: 1

COMMAND LINE ARGUMENTS:
D:\programe files x2\Unity\Editor\2021.3.7f1\Editor\Unity.exe
-adb2
-batchMode
-noUpm
-name
AssetImportWorker1
-projectPath
E:/Uni/200/Game/Game of life
-logFile
Logs/AssetImportWorker1.log
-srvPort
61327
Successfully changed project path to: E:/Uni/200/Game/Game of life
E:/Uni/200/Game/Game of life
[UnityMemory] Configuration Parameters - Can be set up in boot.config
    "memorysetup-bucket-allocator-granularity=16"
    "memorysetup-bucket-allocator-bucket-count=8"
    "memorysetup-bucket-allocator-block-size=33554432"
    "memorysetup-bucket-allocator-block-count=8"
    "memorysetup-main-allocator-block-size=16777216"
    "memorysetup-thread-allocator-block-size=16777216"
    "memorysetup-gfx-main-allocator-block-size=16777216"
    "memorysetup-gfx-thread-allocator-block-size=16777216"
    "memorysetup-cache-allocator-block-size=4194304"
    "memorysetup-typetree-allocator-block-size=2097152"
    "memorysetup-profiler-bucket-allocator-granularity=16"
    "memorysetup-profiler-bucket-allocator-bucket-count=8"
    "memorysetup-profiler-bucket-allocator-block-size=33554432"
    "memorysetup-profiler-bucket-allocator-block-count=8"
    "memorysetup-profiler-allocator-block-size=16777216"
    "memorysetup-profiler-editor-allocator-block-size=1048576"
    "memorysetup-temp-allocator-size-main=16777216"
    "memorysetup-job-temp-allocator-block-size=2097152"
    "memorysetup-job-temp-allocator-block-size-background=1048576"
    "memorysetup-job-temp-allocator-reduction-small-platforms=262144"
    "memorysetup-temp-allocator-size-background-worker=32768"
    "memorysetup-temp-allocator-size-job-worker=262144"
    "memorysetup-temp-allocator-size-preload-manager=33554432"
    "memorysetup-temp-allocator-size-nav-mesh-worker=65536"
    "memorysetup-temp-allocator-size-audio-worker=65536"
    "memorysetup-temp-allocator-size-cloud-worker=32768"
    "memorysetup-temp-allocator-size-gi-baking-worker=262144"
    "memorysetup-temp-allocator-size-gfx=262144"
Refreshing native plugins compatible for Editor in 105.60 ms, found 4 plugins.
Preloading 0 native plugins for Editor in 0.00 ms.
Initialize engine version: 2021.3.7f1 (24e8595d6d43)
[Subsystems] Discovering subsystems at path D:/programe files x2/Unity/Editor/2021.3.7f1/Editor/Data/Resources/UnitySubsystems
[Subsystems] Discovering subsystems at path E:/Uni/200/Game/Game of life/Assets
GfxDevice: creating device client; threaded=0; jobified=0
Direct3D:
    Version:  Direct3D 11.0 [level 11.1]
    Renderer: NVIDIA GeForce GTX 1070 (ID=0x1b81)
    Vendor:   NVIDIA
    VRAM:     8088 MB
    Driver:   30.0.15.1295
Initialize mono
Mono path[0] = 'D:/programe files x2/Unity/Editor/2021.3.7f1/Editor/Data/Managed'
Mono path[1] = 'D:/programe files x2/Unity/Editor/2021.3.7f1/Editor/Data/MonoBleedingEdge/lib/mono/unityjit-win32'
Mono config path = 'D:/programe files x2/Unity/Editor/2021.3.7f1/Editor/Data/MonoBleedingEdge/etc'
Using monoOptions --debugger-agent=transport=dt_socket,embedding=1,server=y,suspend=n,address=127.0.0.1:56208
Begin MonoManager ReloadAssembly
Registering precompiled unity dll's ...
Register platform support module: D:/programe files x2/Unity/Editor/2021.3.7f1/Editor/Data/PlaybackEngines/WindowsStandaloneSupport/UnityEditor.WindowsStandalone.Extensions.dll
Registered in 0.004134 seconds.
Native extension for WindowsStandalone target not found
Refreshing native plugins compatible for Editor in 97.35 ms, found 4 plugins.
Preloading 0 native plugins for Editor in 0.00 ms.
Mono: successfully reloaded assembly
- Completed reload, in  0.677 seconds
Domain Reload Profiling:
	ReloadAssembly (677ms)
		BeginReloadAssembly (91ms)
			ExecutionOrderSort (0ms)
			DisableScriptedObjects (0ms)
			BackupInstance (0ms)
			ReleaseScriptingObjects (0ms)
			CreateAndSetChildDomain (1ms)
		EndReloadAssembly (477ms)
			LoadAssemblies (91ms)
			RebuildTransferFunctionScriptingTraits (0ms)
			SetupTypeCache (110ms)
			ReleaseScriptCaches (0ms)
			RebuildScriptCaches (36ms)
			SetupLoadedEditorAssemblies (283ms)
				LogAssemblyErrors (0ms)
				InitializePlatformSupportModulesInManaged (7ms)
				SetLoadedEditorAssemblies (0ms)
				RefreshPlugins (97ms)
				BeforeProcessingInitializeOnLoad (1ms)
				ProcessInitializeOnLoadAttributes (127ms)
				ProcessInitializeOnLoadMethodAttributes (50ms)
				AfterProcessingInitializeOnLoad (0ms)
				EditorAssembliesLoaded (0ms)
			ExecutionOrderSort2 (0ms)
			AwakeInstancesAfterBackupRestoration (0ms)
Platform modules already initialized, skipping
Registering precompiled user dll's ...
Registered in 0.007636 seconds.
Begin MonoManager ReloadAssembly
Symbol file LoadedFromMemory doesn't match image E:\Uni\200\Game\Game of life\Library\PackageCache\com.unity.visualscripting@1.7.8\Editor\VisualScripting.Core\Dependencies\YamlDotNet\Unity.VisualScripting.YamlDotNet.dll
Symbol file LoadedFromMemory doesn't match image E:\Uni\200\Game\Game of life\Library\PackageCache\com.unity.visualscripting@1.7.8\Editor\VisualScripting.Core\Dependencies\DotNetZip\Unity.VisualScripting.IonicZip.dll
Native extension for WindowsStandalone target not found
Refreshing native plugins compatible for Editor in 97.29 ms, found 4 plugins.
Preloading 0 native plugins for Editor in 0.00 ms.
Mono: successfully reloaded assembly
- Completed reload, in  6.871 seconds
Domain Reload Profiling:
	ReloadAssembly (6872ms)
		BeginReloadAssembly (133ms)
			ExecutionOrderSort (0ms)
			DisableScriptedObjects (6ms)
			BackupInstance (0ms)
			ReleaseScriptingObjects (0ms)
			CreateAndSetChildDomain (23ms)
		EndReloadAssembly (6560ms)
			LoadAssemblies (3825ms)
			RebuildTransferFunctionScriptingTraits (0ms)
			SetupTypeCache (890ms)
			ReleaseScriptCaches (1ms)
			RebuildScriptCaches (55ms)
			SetupLoadedEditorAssemblies (1755ms)
				LogAssemblyErrors (0ms)
				InitializePlatformSupportModulesInManaged (4ms)
				SetLoadedEditorAssemblies (0ms)
				RefreshPlugins (97ms)
				BeforeProcessingInitializeOnLoad (98ms)
				ProcessInitializeOnLoadAttributes (385ms)
				ProcessInitializeOnLoadMethodAttributes (1167ms)
				AfterProcessingInitializeOnLoad (4ms)
				EditorAssembliesLoaded (0ms)
			ExecutionOrderSort2 (0ms)
			AwakeInstancesAfterBackupRestoration (7ms)
Platform modules already initialized, skipping
========================================================================
Worker process is ready to serve import requests
Launched and connected shader compiler UnityShaderCompiler.exe after 0.24 seconds
Refreshing native plugins compatible for Editor in 0.76 ms, found 4 plugins.
Preloading 0 native plugins for Editor in 0.00 ms.
Unloading 4089 Unused Serialized files (Serialized files now loaded: 0)
Unloading 44 unused Assets / (222.5 KB). Loaded Objects now: 4541.
Memory consumption went from 153.9 MB to 153.7 MB.
Total: 3.421200 ms (FindLiveObjects: 0.365900 ms CreateObjectMapping: 0.295300 ms MarkObjects: 2.595300 ms  DeleteObjects: 0.163600 ms)

AssetImportParameters requested are different than current active one (requested -> active):
  custom:video-decoder-ogg-theora: a1e56fd34408186e4bbccfd4996cb3dc -> 
  custom:container-muxer-webm: aa71ff27fc2769a1b78a27578f13a17b -> 
  custom:container-demuxer-webm: 4f35f7cbe854078d1ac9338744f61a02 -> 
  custom:video-encoder-webm-vp8: eb34c28f22e8b96e1ab97ce403110664 -> 
  custom:audio-encoder-webm-vorbis: bf7c407c2cedff20999df2af8eb42d56 -> 
  custom:framework-win-MediaFoundation: 216162199b28c13a410421893ffa2e32 -> 
  custom:container-demuxer-ogg: 62fdf1f143b41e24485cea50d1cbac27 -> 
  custom:video-decoder-webm-vp8: 9c59270c3fd7afecdb556c50c9e8de78 -> 
  custom:audio-decoder-ogg-vorbis: bf7c407c2cedff20999df2af8eb42d56 -> 
========================================================================
Received Import Request.
  Time since last request: 357356.030935 seconds.
  path: Assets/Scenes/ClothesMinigame 1.unity
  artifactKey: Guid(32b2ae78d4d48774caef588dbd1141a5) Importer(815301076,1909f56bfc062723c751e8b465ee728b)
Start importing Assets/Scenes/ClothesMinigame 1.unity using Guid(32b2ae78d4d48774caef588dbd1141a5) Importer(815301076,1909f56bfc062723c751e8b465ee728b)  -> (artifact id: '3a63e9c4cd231bf8325142418d6daa7c') in 0.011305 seconds 
========================================================================
Received Import Request.
  Time since last request: 0.000029 seconds.
  path: Assets/Scenes/Test level.unity
  artifactKey: Guid(0eab034a0f366044ba29be77955be08d) Importer(815301076,1909f56bfc062723c751e8b465ee728b)
Start importing Assets/Scenes/Test level.unity using Guid(0eab034a0f366044ba29be77955be08d) Importer(815301076,1909f56bfc062723c751e8b465ee728b)  -> (artifact id: '6c61207d6e3655bef5f778309b4fe408') in 0.005374 seconds 
========================================================================
Received Import Request.
  Time since last request: 0.000028 seconds.
  path: Assets/Scenes/resume.unity
  artifactKey: Guid(93ef63b3dc8fe9644b623bbb8433c785) Importer(815301076,1909f56bfc062723c751e8b465ee728b)
Start importing Assets/Scenes/resume.unity using Guid(93ef63b3dc8fe9644b623bbb8433c785) Importer(815301076,1909f56bfc062723c751e8b465ee728b)  -> (artifact id: 'ac5996c981c987e707d3a84e652c4fdf') in 0.007285 seconds 
========================================================================
Received Import Request.
  Time since last request: 15.933854 seconds.
  path: Assets/Sprites
  artifactKey: Guid(d19687295747df44395f2882c96a81f9) Importer(815301076,1909f56bfc062723c751e8b465ee728b)
Start importing Assets/Sprites using Guid(d19687295747df44395f2882c96a81f9) Importer(815301076,1909f56bfc062723c751e8b465ee728b)  -> (artifact id: 'e31b17a69599f48281527d11cff1b8f7') in 0.005316 seconds 
========================================================================
Received Import Request.
  Time since last request: 15.195475 seconds.
  path: Assets/Sprites/Bed.png
  artifactKey: Guid(b25ae8e75b0f35445a1d09480bf3eb19) Importer(815301076,1909f56bfc062723c751e8b465ee728b)
Start importing Assets/Sprites/Bed.png using Guid(b25ae8e75b0f35445a1d09480bf3eb19) Importer(815301076,1909f56bfc062723c751e8b465ee728b)  -> (artifact id: '37b1840f538dcdba512395d826316f25') in 0.270488 seconds 
========================================================================
Received Import Request.
  Time since last request: 0.000028 seconds.
  path: Assets/Sprites/Suitmade.png
  artifactKey: Guid(3154b4de4d16d354b98c9e98e861d650) Importer(815301076,1909f56bfc062723c751e8b465ee728b)
Start importing Assets/Sprites/Suitmade.png using Guid(3154b4de4d16d354b98c9e98e861d650) Importer(815301076,1909f56bfc062723c751e8b465ee728b)  -> (artifact id: '369775e2ec6d4eb5d5c3bc1c80dfcd71') in 0.026499 seconds 
========================================================================
Received Import Request.
  Time since last request: 0.000032 seconds.
  path: Assets/Sprites/whitewoodenwalls.png
  artifactKey: Guid(77c02432833d0d04d961abe6704ccb53) Importer(815301076,1909f56bfc062723c751e8b465ee728b)
Start importing Assets/Sprites/whitewoodenwalls.png using Guid(77c02432833d0d04d961abe6704ccb53) Importer(815301076,1909f56bfc062723c751e8b465ee728b)  -> (artifact id: '0333e0847888e37423ccd313ac215e4f') in 0.014928 seconds 
========================================================================
Received Import Request.
  Time since last request: 0.000028 seconds.
  path: Assets/Sprites/Casual.png
  artifactKey: Guid(dfaaa7d9f7b5c1547940406d31d0d1a7) Importer(815301076,1909f56bfc062723c751e8b465ee728b)
Start importing Assets/Sprites/Casual.png using Guid(dfaaa7d9f7b5c1547940406d31d0d1a7) Importer(815301076,1909f56bfc062723c751e8b465ee728b)  -> (artifact id: '1a012d9ec57a4cd576942ea2878b7321') in 0.022674 seconds 
========================================================================
Received Import Request.
  Time since last request: 0.000020 seconds.
  path: Assets/Sprites/wooden-Floor.png
  artifactKey: Guid(1844e00d8a4ec634ab403480fab72090) Importer(815301076,1909f56bfc062723c751e8b465ee728b)
Start importing Assets/Sprites/wooden-Floor.png using Guid(1844e00d8a4ec634ab403480fab72090) Importer(815301076,1909f56bfc062723c751e8b465ee728b)  -> (artifact id: 'fdc9ac7a7b806e9b1aa51fb512777898') in 0.012504 seconds 
========================================================================
Received Import Request.
  Time since last request: 0.000027 seconds.
  path: Assets/Sprites/Suitpantsmade.png
  artifactKey: Guid(66ff8b9d5dfb6fa4cbb42ee598d57f88) Importer(815301076,1909f56bfc062723c751e8b465ee728b)
Start importing Assets/Sprites/Suitpantsmade.png using Guid(66ff8b9d5dfb6fa4cbb42ee598d57f88) Importer(815301076,1909f56bfc062723c751e8b465ee728b)  -> (artifact id: 'b9bf4e481dd82e48f4031d279d51005b') in 0.014670 seconds 
========================================================================
Received Import Request.
  Time since last request: 0.000022 seconds.
  path: Assets/Sprites/casualpants.png
  artifactKey: Guid(0979c3635c68f3645b7dc1019fa1c43b) Importer(815301076,1909f56bfc062723c751e8b465ee728b)
Start importing Assets/Sprites/casualpants.png using Guid(0979c3635c68f3645b7dc1019fa1c43b) Importer(815301076,1909f56bfc062723c751e8b465ee728b)  -> (artifact id: '9d0b8e7a9313c906575116c7ae94e0f7') in 0.012750 seconds 
========================================================================
Received Import Request.
  Time since last request: 0.000055 seconds.
  path: Assets/Sprites/Bedroomwalls.png
  artifactKey: Guid(0eb395e2993cfb243b9d8584d3ef8f2a) Importer(815301076,1909f56bfc062723c751e8b465ee728b)
Start importing Assets/Sprites/Bedroomwalls.png using Guid(0eb395e2993cfb243b9d8584d3ef8f2a) Importer(815301076,1909f56bfc062723c751e8b465ee728b)  -> (artifact id: 'caddeacd337e91cd50cb901ff3c5a8fa') in 0.016233 seconds 
========================================================================
Received Import Request.
  Time since last request: 0.000026 seconds.
  path: Assets/Sprites/Suitmade1.png
  artifactKey: Guid(99995f2e8ef5fe042870c08de2e86f4a) Importer(815301076,1909f56bfc062723c751e8b465ee728b)
Start importing Assets/Sprites/Suitmade1.png using Guid(99995f2e8ef5fe042870c08de2e86f4a) Importer(815301076,1909f56bfc062723c751e8b465ee728b)  -> (artifact id: '0d4f86b2c3a0286b1ae0cf2801946421') in 0.019465 seconds 
========================================================================
Received Import Request.
  Time since last request: 122.352268 seconds.
  path: Assets/Sprites/Bed.png
  artifactKey: Guid(b25ae8e75b0f35445a1d09480bf3eb19) Importer(815301076,1909f56bfc062723c751e8b465ee728b)
Start importing Assets/Sprites/Bed.png using Guid(b25ae8e75b0f35445a1d09480bf3eb19) Importer(815301076,1909f56bfc062723c751e8b465ee728b)  -> (artifact id: 'd3a55b7139ca43dfc25e811cec8dbdac') in 0.014655 seconds 
========================================================================
Received Import Request.
  Time since last request: 24.040677 seconds.
  path: Assets/Sprites/Bed.png
  artifactKey: Guid(b25ae8e75b0f35445a1d09480bf3eb19) Importer(815301076,1909f56bfc062723c751e8b465ee728b)
Start importing Assets/Sprites/Bed.png using Guid(b25ae8e75b0f35445a1d09480bf3eb19) Importer(815301076,1909f56bfc062723c751e8b465ee728b)  -> (artifact id: 'da8ad679b2eb737637be0ae1374dd1b6') in 0.020508 seconds 
========================================================================
Received Import Request.
  Time since last request: 33.652761 seconds.
  path: Assets/Sprites/Bedroomwalls.png
  artifactKey: Guid(0eb395e2993cfb243b9d8584d3ef8f2a) Importer(815301076,1909f56bfc062723c751e8b465ee728b)
Start importing Assets/Sprites/Bedroomwalls.png using Guid(0eb395e2993cfb243b9d8584d3ef8f2a) Importer(815301076,1909f56bfc062723c751e8b465ee728b)  -> (artifact id: '9fcfd1a5784ee7a7fad18318c84856c2') in 0.012294 seconds 
========================================================================
Received Import Request.
  Time since last request: 34.593839 seconds.
  path: Assets/Sprites/Bedroomwalls.png
  artifactKey: Guid(0eb395e2993cfb243b9d8584d3ef8f2a) Importer(815301076,1909f56bfc062723c751e8b465ee728b)
Start importing Assets/Sprites/Bedroomwalls.png using Guid(0eb395e2993cfb243b9d8584d3ef8f2a) Importer(815301076,1909f56bfc062723c751e8b465ee728b)  -> (artifact id: '565aef597c74aa6199881737992c012d') in 0.014382 seconds 
========================================================================
Received Import Request.
  Time since last request: 10.272854 seconds.
  path: Assets/Sprites/Bedroomwalls.png
  artifactKey: Guid(0eb395e2993cfb243b9d8584d3ef8f2a) Importer(815301076,1909f56bfc062723c751e8b465ee728b)
Start importing Assets/Sprites/Bedroomwalls.png using Guid(0eb395e2993cfb243b9d8584d3ef8f2a) Importer(815301076,1909f56bfc062723c751e8b465ee728b)  -> (artifact id: '0372bbcf594cc0a9d0ada966439f74e9') in 0.039201 seconds 
========================================================================
Received Import Request.
  Time since last request: 6.135831 seconds.
  path: Assets/Sprites/Bedroomwalls.png
  artifactKey: Guid(0eb395e2993cfb243b9d8584d3ef8f2a) Importer(815301076,1909f56bfc062723c751e8b465ee728b)
Start importing Assets/Sprites/Bedroomwalls.png using Guid(0eb395e2993cfb243b9d8584d3ef8f2a) Importer(815301076,1909f56bfc062723c751e8b465ee728b)  -> (artifact id: '66c147125086e86a2a7a96e3e5de59c8') in 0.027073 seconds 
========================================================================
Received Import Request.
  Time since last request: 13.837451 seconds.
  path: Assets/Sprites/Bedroomwalls.png
  artifactKey: Guid(0eb395e2993cfb243b9d8584d3ef8f2a) Importer(815301076,1909f56bfc062723c751e8b465ee728b)
Start importing Assets/Sprites/Bedroomwalls.png using Guid(0eb395e2993cfb243b9d8584d3ef8f2a) Importer(815301076,1909f56bfc062723c751e8b465ee728b)  -> (artifact id: '16175114941a604577ed10c8d071fa0d') in 0.026013 seconds 
========================================================================
Received Import Request.
  Time since last request: 7.239042 seconds.
  path: Assets/Sprites/Bedroomwalls.png
  artifactKey: Guid(0eb395e2993cfb243b9d8584d3ef8f2a) Importer(815301076,1909f56bfc062723c751e8b465ee728b)
Start importing Assets/Sprites/Bedroomwalls.png using Guid(0eb395e2993cfb243b9d8584d3ef8f2a) Importer(815301076,1909f56bfc062723c751e8b465ee728b)  -> (artifact id: '93b1a9e4886efb11a4b01d43d8b69194') in 0.028980 seconds 
========================================================================
Received Import Request.
  Time since last request: 5.603334 seconds.
  path: Assets/Sprites/Bedroomwalls.png
  artifactKey: Guid(0eb395e2993cfb243b9d8584d3ef8f2a) Importer(815301076,1909f56bfc062723c751e8b465ee728b)
Start importing Assets/Sprites/Bedroomwalls.png using Guid(0eb395e2993cfb243b9d8584d3ef8f2a) Importer(815301076,1909f56bfc062723c751e8b465ee728b)  -> (artifact id: 'd9d087adaa5bdeda18ab81996cb49215') in 0.046672 seconds 
========================================================================
Received Import Request.
  Time since last request: 12.248386 seconds.
  path: Assets/Sprites/Bedroomwalls.png
  artifactKey: Guid(0eb395e2993cfb243b9d8584d3ef8f2a) Importer(815301076,1909f56bfc062723c751e8b465ee728b)
Start importing Assets/Sprites/Bedroomwalls.png using Guid(0eb395e2993cfb243b9d8584d3ef8f2a) Importer(815301076,1909f56bfc062723c751e8b465ee728b)  -> (artifact id: 'e83377e523cd9770fa1a442f2c43b006') in 0.047210 seconds 
========================================================================
Received Import Request.
  Time since last request: 131.503876 seconds.
  path: Assets/Sprites/Bedroomwalls.png
  artifactKey: Guid(0eb395e2993cfb243b9d8584d3ef8f2a) Importer(815301076,1909f56bfc062723c751e8b465ee728b)
Start importing Assets/Sprites/Bedroomwalls.png using Guid(0eb395e2993cfb243b9d8584d3ef8f2a) Importer(815301076,1909f56bfc062723c751e8b465ee728b)  -> (artifact id: 'a7c73f4d0c144aa523ddde639dc78f70') in 0.037728 seconds 
========================================================================
Received Import Request.
  Time since last request: 34.794702 seconds.
  path: Assets/Sprites/whitewoodenwalls.png
  artifactKey: Guid(77c02432833d0d04d961abe6704ccb53) Importer(815301076,1909f56bfc062723c751e8b465ee728b)
Start importing Assets/Sprites/whitewoodenwalls.png using Guid(77c02432833d0d04d961abe6704ccb53) Importer(815301076,1909f56bfc062723c751e8b465ee728b)  -> (artifact id: '07ee08745058ffa6240b696d1f759828') in 0.011197 seconds 
========================================================================
Received Import Request.
  Time since last request: 41.401114 seconds.
  path: Assets/Sprites/whitewoodenwalls.png
  artifactKey: Guid(77c02432833d0d04d961abe6704ccb53) Importer(815301076,1909f56bfc062723c751e8b465ee728b)
Start importing Assets/Sprites/whitewoodenwalls.png using Guid(77c02432833d0d04d961abe6704ccb53) Importer(815301076,1909f56bfc062723c751e8b465ee728b)  -> (artifact id: '51aba28c8ec913a8ce0cfe72a8335b89') in 0.017800 seconds 
========================================================================
Received Import Request.
  Time since last request: 8.056261 seconds.
  path: Assets/Sprites/whitewoodenwalls.png
  artifactKey: Guid(77c02432833d0d04d961abe6704ccb53) Importer(815301076,1909f56bfc062723c751e8b465ee728b)
Start importing Assets/Sprites/whitewoodenwalls.png using Guid(77c02432833d0d04d961abe6704ccb53) Importer(815301076,1909f56bfc062723c751e8b465ee728b)  -> (artifact id: 'd95cf18b570f35ecfb870178386c82a2') in 0.022821 seconds 
========================================================================
Received Import Request.
  Time since last request: 7.486878 seconds.
  path: Assets/Sprites/whitewoodenwalls.png
  artifactKey: Guid(77c02432833d0d04d961abe6704ccb53) Importer(815301076,1909f56bfc062723c751e8b465ee728b)
Start importing Assets/Sprites/whitewoodenwalls.png using Guid(77c02432833d0d04d961abe6704ccb53) Importer(815301076,1909f56bfc062723c751e8b465ee728b)  -> (artifact id: 'e87b62f77c9124aa4feec63ba138d5a9') in 0.026394 seconds 
========================================================================
Received Import Request.
  Time since last request: 9.195438 seconds.
  path: Assets/Sprites/whitewoodenwalls.png
  artifactKey: Guid(77c02432833d0d04d961abe6704ccb53) Importer(815301076,1909f56bfc062723c751e8b465ee728b)
Start importing Assets/Sprites/whitewoodenwalls.png using Guid(77c02432833d0d04d961abe6704ccb53) Importer(815301076,1909f56bfc062723c751e8b465ee728b)  -> (artifact id: 'b5ddad0efb29fa411e9a6463ddcaf45c') in 0.026992 seconds 
========================================================================
Received Import Request.
  Time since last request: 41.339983 seconds.
  path: Assets/Sprites/Suitmade.png
  artifactKey: Guid(3154b4de4d16d354b98c9e98e861d650) Importer(815301076,1909f56bfc062723c751e8b465ee728b)
Start importing Assets/Sprites/Suitmade.png using Guid(3154b4de4d16d354b98c9e98e861d650) Importer(815301076,1909f56bfc062723c751e8b465ee728b)  -> (artifact id: '2c828c0d52e55a3bafaa813f0094d92b') in 0.016313 seconds 
========================================================================
Received Import Request.
  Time since last request: 17.182743 seconds.
  path: Assets/Sprites/Suitmade1.png
  artifactKey: Guid(99995f2e8ef5fe042870c08de2e86f4a) Importer(815301076,1909f56bfc062723c751e8b465ee728b)
Start importing Assets/Sprites/Suitmade1.png using Guid(99995f2e8ef5fe042870c08de2e86f4a) Importer(815301076,1909f56bfc062723c751e8b465ee728b)  -> (artifact id: '1807ba4d0d4a96644dcec797a87c3fdd') in 0.011267 seconds 
========================================================================
Received Import Request.
  Time since last request: 130.669279 seconds.
  path: Assets/Sprites/Bed.png
  artifactKey: Guid(b25ae8e75b0f35445a1d09480bf3eb19) Importer(815301076,1909f56bfc062723c751e8b465ee728b)
Start importing Assets/Sprites/Bed.png using Guid(b25ae8e75b0f35445a1d09480bf3eb19) Importer(815301076,1909f56bfc062723c751e8b465ee728b)  -> (artifact id: 'fa8570ae89612945bdc5e1c99cc3031a') in 0.014090 seconds 
========================================================================
Received Import Request.
  Time since last request: 81.474778 seconds.
  path: Assets/Sprites/Bed.png
  artifactKey: Guid(b25ae8e75b0f35445a1d09480bf3eb19) Importer(815301076,1909f56bfc062723c751e8b465ee728b)
Start importing Assets/Sprites/Bed.png using Guid(b25ae8e75b0f35445a1d09480bf3eb19) Importer(815301076,1909f56bfc062723c751e8b465ee728b)  -> (artifact id: '50306ab6c25464e1a0d288788b60fe80') in 0.012930 seconds 
========================================================================
Received Import Request.
  Time since last request: 40.731528 seconds.
  path: Assets/Sprites/Bed.png
  artifactKey: Guid(b25ae8e75b0f35445a1d09480bf3eb19) Importer(815301076,1909f56bfc062723c751e8b465ee728b)
Start importing Assets/Sprites/Bed.png using Guid(b25ae8e75b0f35445a1d09480bf3eb19) Importer(815301076,1909f56bfc062723c751e8b465ee728b)  -> (artifact id: '44e3cdbe4851cfe09ba5f423d8c2925a') in 0.010907 seconds 
========================================================================
Received Import Request.
  Time since last request: 9.037566 seconds.
  path: Assets/Sprites/Bed.png
  artifactKey: Guid(b25ae8e75b0f35445a1d09480bf3eb19) Importer(815301076,1909f56bfc062723c751e8b465ee728b)
Start importing Assets/Sprites/Bed.png using Guid(b25ae8e75b0f35445a1d09480bf3eb19) Importer(815301076,1909f56bfc062723c751e8b465ee728b)  -> (artifact id: '497811fb7dbf3967dd24a683c3123e3f') in 0.019741 seconds 
========================================================================
Received Import Request.
  Time since last request: 4.872702 seconds.
  path: Assets/Sprites/Bed.png
  artifactKey: Guid(b25ae8e75b0f35445a1d09480bf3eb19) Importer(815301076,1909f56bfc062723c751e8b465ee728b)
Start importing Assets/Sprites/Bed.png using Guid(b25ae8e75b0f35445a1d09480bf3eb19) Importer(815301076,1909f56bfc062723c751e8b465ee728b)  -> (artifact id: '5cfc4c8d67da47d753689c41873e2185') in 0.018950 seconds 
========================================================================
Received Import Request.
  Time since last request: 7.743016 seconds.
  path: Assets/Sprites/Bed.png
  artifactKey: Guid(b25ae8e75b0f35445a1d09480bf3eb19) Importer(815301076,1909f56bfc062723c751e8b465ee728b)
Start importing Assets/Sprites/Bed.png using Guid(b25ae8e75b0f35445a1d09480bf3eb19) Importer(815301076,1909f56bfc062723c751e8b465ee728b)  -> (artifact id: '1f5341c9120fe079a1cb69ebffcab9b0') in 0.019374 seconds 
========================================================================
Received Import Request.
  Time since last request: 22.679895 seconds.
  path: Assets/Sprites/Bed.png
  artifactKey: Guid(b25ae8e75b0f35445a1d09480bf3eb19) Importer(815301076,1909f56bfc062723c751e8b465ee728b)
Start importing Assets/Sprites/Bed.png using Guid(b25ae8e75b0f35445a1d09480bf3eb19) Importer(815301076,1909f56bfc062723c751e8b465ee728b)  -> (artifact id: 'f2af4781a65c819d008ce007b46e74a2') in 0.010290 seconds 
========================================================================
Received Import Request.
  Time since last request: 4.268357 seconds.
  path: Assets/Sprites/Bed.png
  artifactKey: Guid(b25ae8e75b0f35445a1d09480bf3eb19) Importer(815301076,1909f56bfc062723c751e8b465ee728b)
Start importing Assets/Sprites/Bed.png using Guid(b25ae8e75b0f35445a1d09480bf3eb19) Importer(815301076,1909f56bfc062723c751e8b465ee728b)  -> (artifact id: '3516f38228ea184e31b3a6084b9aa1ec') in 0.012171 seconds 
========================================================================
Received Import Request.
  Time since last request: 156.693606 seconds.
  path: Assets/Sprites/Bed.png
  artifactKey: Guid(b25ae8e75b0f35445a1d09480bf3eb19) Importer(815301076,1909f56bfc062723c751e8b465ee728b)
Start importing Assets/Sprites/Bed.png using Guid(b25ae8e75b0f35445a1d09480bf3eb19) Importer(815301076,1909f56bfc062723c751e8b465ee728b)  -> (artifact id: '3ca1f90164b7c70548fc6dc26c21a52e') in 0.048937 seconds 
========================================================================
Received Import Request.
  Time since last request: 65.144117 seconds.
  path: Assets/Sprites/Bed.png
  artifactKey: Guid(b25ae8e75b0f35445a1d09480bf3eb19) Importer(815301076,1909f56bfc062723c751e8b465ee728b)
Start importing Assets/Sprites/Bed.png using Guid(b25ae8e75b0f35445a1d09480bf3eb19) Importer(815301076,1909f56bfc062723c751e8b465ee728b)  -> (artifact id: '55f0f4b362c4d2d0c45233592c7e234a') in 0.013968 seconds 
========================================================================
Received Import Request.
  Time since last request: 13.168695 seconds.
  path: Assets/Sprites/Bedroomwalls.png
  artifactKey: Guid(0eb395e2993cfb243b9d8584d3ef8f2a) Importer(815301076,1909f56bfc062723c751e8b465ee728b)
Start importing Assets/Sprites/Bedroomwalls.png using Guid(0eb395e2993cfb243b9d8584d3ef8f2a) Importer(815301076,1909f56bfc062723c751e8b465ee728b)  -> (artifact id: 'eab3f8d5a97ea9d142d8c11bd2310586') in 0.037414 seconds 
========================================================================
Received Import Request.
  Time since last request: 5.143958 seconds.
  path: Assets/Sprites/whitewoodenwalls.png
  artifactKey: Guid(77c02432833d0d04d961abe6704ccb53) Importer(815301076,1909f56bfc062723c751e8b465ee728b)
Start importing Assets/Sprites/whitewoodenwalls.png using Guid(77c02432833d0d04d961abe6704ccb53) Importer(815301076,1909f56bfc062723c751e8b465ee728b)  -> (artifact id: '06a54febb96808e1468fe60f550a4b05') in 0.027558 seconds 
========================================================================
Received Import Request.
  Time since last request: 6844.140136 seconds.
  path: Assets/Sprites/wooden-Floor2.png
  artifactKey: Guid(eb83c706a4c84344a801293d843b92ac) Importer(815301076,1909f56bfc062723c751e8b465ee728b)
Start importing Assets/Sprites/wooden-Floor2.png using Guid(eb83c706a4c84344a801293d843b92ac) Importer(815301076,1909f56bfc062723c751e8b465ee728b)  -> (artifact id: '0f40c59da2de4a063bda0b0402fdb280') in 0.217751 seconds 
========================================================================
Received Import Request.
  Time since last request: 13.012339 seconds.
  path: Assets/Sprites/wooden-Floor2.png
  artifactKey: Guid(eb83c706a4c84344a801293d843b92ac) Importer(815301076,1909f56bfc062723c751e8b465ee728b)
Start importing Assets/Sprites/wooden-Floor2.png using Guid(eb83c706a4c84344a801293d843b92ac) Importer(815301076,1909f56bfc062723c751e8b465ee728b)  -> (artifact id: '9933cc4113596bfeb5ebd2f442570877') in 0.029585 seconds 
========================================================================
Received Import Request.
  Time since last request: 10.837830 seconds.
  path: Assets/Sprites/wooden-Floor2.png
  artifactKey: Guid(eb83c706a4c84344a801293d843b92ac) Importer(815301076,1909f56bfc062723c751e8b465ee728b)
Start importing Assets/Sprites/wooden-Floor2.png using Guid(eb83c706a4c84344a801293d843b92ac) Importer(815301076,1909f56bfc062723c751e8b465ee728b)  -> (artifact id: '5b7c964dd4ca613d941e5259de6dee0a') in 0.012580 seconds 
========================================================================
Received Import Request.
  Time since last request: 18.444855 seconds.
  path: Assets/Sprites/wooden-Floor2.png
  artifactKey: Guid(eb83c706a4c84344a801293d843b92ac) Importer(815301076,1909f56bfc062723c751e8b465ee728b)
Start importing Assets/Sprites/wooden-Floor2.png using Guid(eb83c706a4c84344a801293d843b92ac) Importer(815301076,1909f56bfc062723c751e8b465ee728b)  -> (artifact id: 'dbe09709fbc945a898df4d331d223c77') in 0.036634 seconds 
========================================================================
Received Import Request.
  Time since last request: 10.619154 seconds.
  path: Assets/Sprites/wooden-Floor2.png
  artifactKey: Guid(eb83c706a4c84344a801293d843b92ac) Importer(815301076,1909f56bfc062723c751e8b465ee728b)
Start importing Assets/Sprites/wooden-Floor2.png using Guid(eb83c706a4c84344a801293d843b92ac) Importer(815301076,1909f56bfc062723c751e8b465ee728b)  -> (artifact id: '6005611d40e821b7f46a386f413cfa09') in 0.026412 seconds 
========================================================================
Received Prepare
Registering precompiled user dll's ...
Registered in 0.009771 seconds.
Begin MonoManager ReloadAssembly
Symbol file LoadedFromMemory doesn't match image E:\Uni\200\Game\Game of life\Library\PackageCache\com.unity.visualscripting@1.7.8\Editor\VisualScripting.Core\Dependencies\YamlDotNet\Unity.VisualScripting.YamlDotNet.dll
Symbol file LoadedFromMemory doesn't match image E:\Uni\200\Game\Game of life\Library\PackageCache\com.unity.visualscripting@1.7.8\Editor\VisualScripting.Core\Dependencies\DotNetZip\Unity.VisualScripting.IonicZip.dll
Native extension for WindowsStandalone target not found
Refreshing native plugins compatible for Editor in 0.71 ms, found 4 plugins.
Preloading 0 native plugins for Editor in 0.00 ms.
Mono: successfully reloaded assembly
- Completed reload, in  2.223 seconds
Domain Reload Profiling:
	ReloadAssembly (2228ms)
		BeginReloadAssembly (775ms)
			ExecutionOrderSort (0ms)
			DisableScriptedObjects (90ms)
			BackupInstance (0ms)
			ReleaseScriptingObjects (0ms)
			CreateAndSetChildDomain (355ms)
		EndReloadAssembly (1209ms)
			LoadAssemblies (271ms)
			RebuildTransferFunctionScriptingTraits (1ms)
			SetupTypeCache (460ms)
			ReleaseScriptCaches (2ms)
			RebuildScriptCaches (61ms)
			SetupLoadedEditorAssemblies (516ms)
				LogAssemblyErrors (0ms)
				InitializePlatformSupportModulesInManaged (13ms)
				SetLoadedEditorAssemblies (1ms)
				RefreshPlugins (1ms)
				BeforeProcessingInitializeOnLoad (88ms)
				ProcessInitializeOnLoadAttributes (358ms)
				ProcessInitializeOnLoadMethodAttributes (50ms)
				AfterProcessingInitializeOnLoad (4ms)
				EditorAssembliesLoaded (0ms)
			ExecutionOrderSort2 (0ms)
			AwakeInstancesAfterBackupRestoration (11ms)
Platform modules already initialized, skipping
Refreshing native plugins compatible for Editor in 2.49 ms, found 4 plugins.
Preloading 0 native plugins for Editor in 0.00 ms.
Unloading 4071 Unused Serialized files (Serialized files now loaded: 0)
Unloading 31 unused Assets / (190.0 KB). Loaded Objects now: 4580.
Memory consumption went from 157.0 MB to 156.8 MB.
Total: 4.826300 ms (FindLiveObjects: 0.382800 ms CreateObjectMapping: 0.237000 ms MarkObjects: 3.995900 ms  DeleteObjects: 0.209000 ms)

AssetImportParameters requested are different than current active one (requested -> active):
  custom:video-decoder-ogg-theora: a1e56fd34408186e4bbccfd4996cb3dc -> 
  custom:container-muxer-webm: aa71ff27fc2769a1b78a27578f13a17b -> 
  custom:container-demuxer-webm: 4f35f7cbe854078d1ac9338744f61a02 -> 
  custom:video-encoder-webm-vp8: eb34c28f22e8b96e1ab97ce403110664 -> 
  custom:audio-encoder-webm-vorbis: bf7c407c2cedff20999df2af8eb42d56 -> 
  custom:framework-win-MediaFoundation: 216162199b28c13a410421893ffa2e32 -> 
  custom:container-demuxer-ogg: 62fdf1f143b41e24485cea50d1cbac27 -> 
  custom:video-decoder-webm-vp8: 9c59270c3fd7afecdb556c50c9e8de78 -> 
  custom:audio-decoder-ogg-vorbis: bf7c407c2cedff20999df2af8eb42d56 -> 
========================================================================
Received Prepare
Registering precompiled user dll's ...
Registered in 0.007733 seconds.
Begin MonoManager ReloadAssembly
Symbol file LoadedFromMemory doesn't match image E:\Uni\200\Game\Game of life\Library\PackageCache\com.unity.visualscripting@1.7.8\Editor\VisualScripting.Core\Dependencies\YamlDotNet\Unity.VisualScripting.YamlDotNet.dll
Symbol file LoadedFromMemory doesn't match image E:\Uni\200\Game\Game of life\Library\PackageCache\com.unity.visualscripting@1.7.8\Editor\VisualScripting.Core\Dependencies\DotNetZip\Unity.VisualScripting.IonicZip.dll
Native extension for WindowsStandalone target not found
Refreshing native plugins compatible for Editor in 1.29 ms, found 4 plugins.
Preloading 0 native plugins for Editor in 0.00 ms.
Mono: successfully reloaded assembly
- Completed reload, in  2.015 seconds
Domain Reload Profiling:
	ReloadAssembly (2016ms)
		BeginReloadAssembly (246ms)
			ExecutionOrderSort (0ms)
			DisableScriptedObjects (11ms)
			BackupInstance (0ms)
			ReleaseScriptingObjects (0ms)
			CreateAndSetChildDomain (69ms)
		EndReloadAssembly (1386ms)
			LoadAssemblies (203ms)
			RebuildTransferFunctionScriptingTraits (0ms)
			SetupTypeCache (442ms)
			ReleaseScriptCaches (3ms)
			RebuildScriptCaches (86ms)
			SetupLoadedEditorAssemblies (582ms)
				LogAssemblyErrors (0ms)
				InitializePlatformSupportModulesInManaged (20ms)
				SetLoadedEditorAssemblies (3ms)
				RefreshPlugins (1ms)
				BeforeProcessingInitializeOnLoad (128ms)
				ProcessInitializeOnLoadAttributes (356ms)
				ProcessInitializeOnLoadMethodAttributes (69ms)
				AfterProcessingInitializeOnLoad (3ms)
				EditorAssembliesLoaded (0ms)
			ExecutionOrderSort2 (0ms)
			AwakeInstancesAfterBackupRestoration (19ms)
Platform modules already initialized, skipping
Refreshing native plugins compatible for Editor in 4.03 ms, found 4 plugins.
Preloading 0 native plugins for Editor in 0.00 ms.
Unloading 4071 Unused Serialized files (Serialized files now loaded: 0)
Unloading 31 unused Assets / (196.1 KB). Loaded Objects now: 4583.
Memory consumption went from 157.0 MB to 156.8 MB.
Total: 8.488400 ms (FindLiveObjects: 0.415400 ms CreateObjectMapping: 0.289400 ms MarkObjects: 7.580400 ms  DeleteObjects: 0.200500 ms)

AssetImportParameters requested are different than current active one (requested -> active):
  custom:video-decoder-ogg-theora: a1e56fd34408186e4bbccfd4996cb3dc -> 
  custom:container-muxer-webm: aa71ff27fc2769a1b78a27578f13a17b -> 
  custom:container-demuxer-webm: 4f35f7cbe854078d1ac9338744f61a02 -> 
  custom:video-encoder-webm-vp8: eb34c28f22e8b96e1ab97ce403110664 -> 
  custom:audio-encoder-webm-vorbis: bf7c407c2cedff20999df2af8eb42d56 -> 
  custom:framework-win-MediaFoundation: 216162199b28c13a410421893ffa2e32 -> 
  custom:container-demuxer-ogg: 62fdf1f143b41e24485cea50d1cbac27 -> 
  custom:video-decoder-webm-vp8: 9c59270c3fd7afecdb556c50c9e8de78 -> 
  custom:audio-decoder-ogg-vorbis: bf7c407c2cedff20999df2af8eb42d56 -> 
========================================================================
Received Prepare
Registering precompiled user dll's ...
Registered in 0.007823 seconds.
Begin MonoManager ReloadAssembly
Symbol file LoadedFromMemory doesn't match image E:\Uni\200\Game\Game of life\Library\PackageCache\com.unity.visualscripting@1.7.8\Editor\VisualScripting.Core\Dependencies\YamlDotNet\Unity.VisualScripting.YamlDotNet.dll
Symbol file LoadedFromMemory doesn't match image E:\Uni\200\Game\Game of life\Library\PackageCache\com.unity.visualscripting@1.7.8\Editor\VisualScripting.Core\Dependencies\DotNetZip\Unity.VisualScripting.IonicZip.dll
Native extension for WindowsStandalone target not found
Refreshing native plugins compatible for Editor in 0.84 ms, found 4 plugins.
Preloading 0 native plugins for Editor in 0.00 ms.
Mono: successfully reloaded assembly
- Completed reload, in  1.801 seconds
Domain Reload Profiling:
	ReloadAssembly (1802ms)
		BeginReloadAssembly (218ms)
			ExecutionOrderSort (0ms)
			DisableScriptedObjects (9ms)
			BackupInstance (0ms)
			ReleaseScriptingObjects (0ms)
			CreateAndSetChildDomain (52ms)
		EndReloadAssembly (1428ms)
			LoadAssemblies (195ms)
			RebuildTransferFunctionScriptingTraits (0ms)
			SetupTypeCache (575ms)
			ReleaseScriptCaches (2ms)
			RebuildScriptCaches (71ms)
			SetupLoadedEditorAssemblies (538ms)
				LogAssemblyErrors (0ms)
				InitializePlatformSupportModulesInManaged (16ms)
				SetLoadedEditorAssemblies (1ms)
				RefreshPlugins (2ms)
				BeforeProcessingInitializeOnLoad (106ms)
				ProcessInitializeOnLoadAttributes (348ms)
				ProcessInitializeOnLoadMethodAttributes (61ms)
				AfterProcessingInitializeOnLoad (4ms)
				EditorAssembliesLoaded (0ms)
			ExecutionOrderSort2 (0ms)
			AwakeInstancesAfterBackupRestoration (16ms)
Platform modules already initialized, skipping
Refreshing native plugins compatible for Editor in 3.04 ms, found 4 plugins.
Preloading 0 native plugins for Editor in 0.00 ms.
Unloading 4071 Unused Serialized files (Serialized files now loaded: 0)
Unloading 31 unused Assets / (190.1 KB). Loaded Objects now: 4586.
Memory consumption went from 157.0 MB to 156.8 MB.
Total: 5.675600 ms (FindLiveObjects: 0.577600 ms CreateObjectMapping: 0.499500 ms MarkObjects: 4.452900 ms  DeleteObjects: 0.144000 ms)

AssetImportParameters requested are different than current active one (requested -> active):
  custom:video-decoder-ogg-theora: a1e56fd34408186e4bbccfd4996cb3dc -> 
  custom:container-muxer-webm: aa71ff27fc2769a1b78a27578f13a17b -> 
  custom:container-demuxer-webm: 4f35f7cbe854078d1ac9338744f61a02 -> 
  custom:video-encoder-webm-vp8: eb34c28f22e8b96e1ab97ce403110664 -> 
  custom:audio-encoder-webm-vorbis: bf7c407c2cedff20999df2af8eb42d56 -> 
  custom:framework-win-MediaFoundation: 216162199b28c13a410421893ffa2e32 -> 
  custom:container-demuxer-ogg: 62fdf1f143b41e24485cea50d1cbac27 -> 
  custom:video-decoder-webm-vp8: 9c59270c3fd7afecdb556c50c9e8de78 -> 
  custom:audio-decoder-ogg-vorbis: bf7c407c2cedff20999df2af8eb42d56 -> 
========================================================================
Received Import Request.
  Time since last request: 683.685463 seconds.
  path: Assets/Script/camura.cs
  artifactKey: Guid(15ce16ee1abaf3b428c08323f38bd41f) Importer(815301076,1909f56bfc062723c751e8b465ee728b)
Start importing Assets/Script/camura.cs using Guid(15ce16ee1abaf3b428c08323f38bd41f) Importer(815301076,1909f56bfc062723c751e8b465ee728b)  -> (artifact id: '01873eae7de66c1114506c354f7e494f') in 0.022422 seconds 
========================================================================
Received Import Request.
  Time since last request: 16.955174 seconds.
  path: Assets/Script/camura.cs
  artifactKey: Guid(15ce16ee1abaf3b428c08323f38bd41f) Importer(815301076,1909f56bfc062723c751e8b465ee728b)
Start importing Assets/Script/camura.cs using Guid(15ce16ee1abaf3b428c08323f38bd41f) Importer(815301076,1909f56bfc062723c751e8b465ee728b)  -> (artifact id: '1e083f090428131933708f28d112d869') in 0.014545 seconds 
========================================================================
Received Import Request.
  Time since last request: 11.633386 seconds.
  path: Assets/Script/camura.cs
  artifactKey: Guid(15ce16ee1abaf3b428c08323f38bd41f) Importer(815301076,1909f56bfc062723c751e8b465ee728b)
Start importing Assets/Script/camura.cs using Guid(15ce16ee1abaf3b428c08323f38bd41f) Importer(815301076,1909f56bfc062723c751e8b465ee728b)  -> (artifact id: '5beff416e4274d80453dc621ccec2d70') in 0.004176 seconds 
========================================================================
Received Prepare
Registering precompiled user dll's ...
Registered in 0.014011 seconds.
Begin MonoManager ReloadAssembly
Symbol file LoadedFromMemory doesn't match image E:\Uni\200\Game\Game of life\Library\PackageCache\com.unity.visualscripting@1.7.8\Editor\VisualScripting.Core\Dependencies\YamlDotNet\Unity.VisualScripting.YamlDotNet.dll
Symbol file LoadedFromMemory doesn't match image E:\Uni\200\Game\Game of life\Library\PackageCache\com.unity.visualscripting@1.7.8\Editor\VisualScripting.Core\Dependencies\DotNetZip\Unity.VisualScripting.IonicZip.dll
Native extension for WindowsStandalone target not found
Refreshing native plugins compatible for Editor in 0.82 ms, found 4 plugins.
Preloading 0 native plugins for Editor in 0.00 ms.
Mono: successfully reloaded assembly
- Completed reload, in  2.145 seconds
Domain Reload Profiling:
	ReloadAssembly (2146ms)
		BeginReloadAssembly (221ms)
			ExecutionOrderSort (0ms)
			DisableScriptedObjects (13ms)
			BackupInstance (0ms)
			ReleaseScriptingObjects (0ms)
			CreateAndSetChildDomain (63ms)
		EndReloadAssembly (1788ms)
			LoadAssemblies (151ms)
			RebuildTransferFunctionScriptingTraits (0ms)
			SetupTypeCache (563ms)
			ReleaseScriptCaches (2ms)
			RebuildScriptCaches (60ms)
			SetupLoadedEditorAssemblies (972ms)
				LogAssemblyErrors (0ms)
				InitializePlatformSupportModulesInManaged (26ms)
				SetLoadedEditorAssemblies (0ms)
				RefreshPlugins (1ms)
				BeforeProcessingInitializeOnLoad (98ms)
				ProcessInitializeOnLoadAttributes (750ms)
				ProcessInitializeOnLoadMethodAttributes (88ms)
				AfterProcessingInitializeOnLoad (8ms)
				EditorAssembliesLoaded (0ms)
			ExecutionOrderSort2 (0ms)
			AwakeInstancesAfterBackupRestoration (16ms)
Platform modules already initialized, skipping
Refreshing native plugins compatible for Editor in 2.42 ms, found 4 plugins.
Preloading 0 native plugins for Editor in 0.00 ms.
Unloading 4072 Unused Serialized files (Serialized files now loaded: 0)
Unloading 31 unused Assets / (190.1 KB). Loaded Objects now: 4590.
Memory consumption went from 157.1 MB to 156.9 MB.
Total: 4.006400 ms (FindLiveObjects: 0.352100 ms CreateObjectMapping: 0.233600 ms MarkObjects: 3.191900 ms  DeleteObjects: 0.227600 ms)

AssetImportParameters requested are different than current active one (requested -> active):
  custom:video-decoder-ogg-theora: a1e56fd34408186e4bbccfd4996cb3dc -> 
  custom:container-muxer-webm: aa71ff27fc2769a1b78a27578f13a17b -> 
  custom:container-demuxer-webm: 4f35f7cbe854078d1ac9338744f61a02 -> 
  custom:video-encoder-webm-vp8: eb34c28f22e8b96e1ab97ce403110664 -> 
  custom:audio-encoder-webm-vorbis: bf7c407c2cedff20999df2af8eb42d56 -> 
  custom:framework-win-MediaFoundation: 216162199b28c13a410421893ffa2e32 -> 
  custom:container-demuxer-ogg: 62fdf1f143b41e24485cea50d1cbac27 -> 
  custom:video-decoder-webm-vp8: 9c59270c3fd7afecdb556c50c9e8de78 -> 
  custom:audio-decoder-ogg-vorbis: bf7c407c2cedff20999df2af8eb42d56 -> 
========================================================================
Received Prepare
Registering precompiled user dll's ...
Registered in 0.011146 seconds.
Begin MonoManager ReloadAssembly
Symbol file LoadedFromMemory doesn't match image E:\Uni\200\Game\Game of life\Library\PackageCache\com.unity.visualscripting@1.7.8\Editor\VisualScripting.Core\Dependencies\YamlDotNet\Unity.VisualScripting.YamlDotNet.dll
Symbol file LoadedFromMemory doesn't match image E:\Uni\200\Game\Game of life\Library\PackageCache\com.unity.visualscripting@1.7.8\Editor\VisualScripting.Core\Dependencies\DotNetZip\Unity.VisualScripting.IonicZip.dll
Native extension for WindowsStandalone target not found
Refreshing native plugins compatible for Editor in 0.98 ms, found 4 plugins.
Preloading 0 native plugins for Editor in 0.00 ms.
Mono: successfully reloaded assembly
- Completed reload, in  2.049 seconds
Domain Reload Profiling:
	ReloadAssembly (2058ms)
		BeginReloadAssembly (294ms)
			ExecutionOrderSort (0ms)
			DisableScriptedObjects (20ms)
			BackupInstance (0ms)
			ReleaseScriptingObjects (1ms)
			CreateAndSetChildDomain (73ms)
		EndReloadAssembly (1554ms)
			LoadAssemblies (240ms)
			RebuildTransferFunctionScriptingTraits (0ms)
			SetupTypeCache (538ms)
			ReleaseScriptCaches (6ms)
			RebuildScriptCaches (92ms)
			SetupLoadedEditorAssemblies (598ms)
				LogAssemblyErrors (0ms)
				InitializePlatformSupportModulesInManaged (32ms)
				SetLoadedEditorAssemblies (1ms)
				RefreshPlugins (1ms)
				BeforeProcessingInitializeOnLoad (124ms)
				ProcessInitializeOnLoadAttributes (361ms)
				ProcessInitializeOnLoadMethodAttributes (75ms)
				AfterProcessingInitializeOnLoad (4ms)
				EditorAssembliesLoaded (0ms)
			ExecutionOrderSort2 (0ms)
			AwakeInstancesAfterBackupRestoration (12ms)
Platform modules already initialized, skipping
Refreshing native plugins compatible for Editor in 2.40 ms, found 4 plugins.
Preloading 0 native plugins for Editor in 0.00 ms.
Unloading 4072 Unused Serialized files (Serialized files now loaded: 0)
Unloading 31 unused Assets / (190.0 KB). Loaded Objects now: 4593.
Memory consumption went from 157.1 MB to 156.9 MB.
Total: 12.013400 ms (FindLiveObjects: 0.739800 ms CreateObjectMapping: 0.581100 ms MarkObjects: 10.476300 ms  DeleteObjects: 0.215100 ms)

AssetImportParameters requested are different than current active one (requested -> active):
  custom:video-decoder-ogg-theora: a1e56fd34408186e4bbccfd4996cb3dc -> 
  custom:container-muxer-webm: aa71ff27fc2769a1b78a27578f13a17b -> 
  custom:container-demuxer-webm: 4f35f7cbe854078d1ac9338744f61a02 -> 
  custom:video-encoder-webm-vp8: eb34c28f22e8b96e1ab97ce403110664 -> 
  custom:audio-encoder-webm-vorbis: bf7c407c2cedff20999df2af8eb42d56 -> 
  custom:framework-win-MediaFoundation: 216162199b28c13a410421893ffa2e32 -> 
  custom:container-demuxer-ogg: 62fdf1f143b41e24485cea50d1cbac27 -> 
  custom:video-decoder-webm-vp8: 9c59270c3fd7afecdb556c50c9e8de78 -> 
  custom:audio-decoder-ogg-vorbis: bf7c407c2cedff20999df2af8eb42d56 -> 
========================================================================
Received Prepare
Registering precompiled user dll's ...
Registered in 0.008530 seconds.
Begin MonoManager ReloadAssembly
Symbol file LoadedFromMemory doesn't match image E:\Uni\200\Game\Game of life\Library\PackageCache\com.unity.visualscripting@1.7.8\Editor\VisualScripting.Core\Dependencies\YamlDotNet\Unity.VisualScripting.YamlDotNet.dll
Symbol file LoadedFromMemory doesn't match image E:\Uni\200\Game\Game of life\Library\PackageCache\com.unity.visualscripting@1.7.8\Editor\VisualScripting.Core\Dependencies\DotNetZip\Unity.VisualScripting.IonicZip.dll
Native extension for WindowsStandalone target not found
Refreshing native plugins compatible for Editor in 6.28 ms, found 4 plugins.
Preloading 0 native plugins for Editor in 0.00 ms.
Mono: successfully reloaded assembly
- Completed reload, in  2.962 seconds
Domain Reload Profiling:
	ReloadAssembly (2963ms)
		BeginReloadAssembly (405ms)
			ExecutionOrderSort (0ms)
			DisableScriptedObjects (16ms)
			BackupInstance (0ms)
			ReleaseScriptingObjects (0ms)
			CreateAndSetChildDomain (116ms)
		EndReloadAssembly (2149ms)
			LoadAssemblies (332ms)
			RebuildTransferFunctionScriptingTraits (0ms)
			SetupTypeCache (867ms)
			ReleaseScriptCaches (2ms)
			RebuildScriptCaches (115ms)
			SetupLoadedEditorAssemblies (814ms)
				LogAssemblyErrors (0ms)
				InitializePlatformSupportModulesInManaged (67ms)
				SetLoadedEditorAssemblies (11ms)
				RefreshPlugins (7ms)
				BeforeProcessingInitializeOnLoad (147ms)
				ProcessInitializeOnLoadAttributes (493ms)
				ProcessInitializeOnLoadMethodAttributes (80ms)
				AfterProcessingInitializeOnLoad (8ms)
				EditorAssembliesLoaded (0ms)
			ExecutionOrderSort2 (0ms)
			AwakeInstancesAfterBackupRestoration (27ms)
Platform modules already initialized, skipping
Refreshing native plugins compatible for Editor in 3.72 ms, found 4 plugins.
Preloading 0 native plugins for Editor in 0.00 ms.
Unloading 4072 Unused Serialized files (Serialized files now loaded: 0)
Unloading 31 unused Assets / (190.0 KB). Loaded Objects now: 4596.
Memory consumption went from 157.1 MB to 156.9 MB.
Total: 5.038000 ms (FindLiveObjects: 0.449900 ms CreateObjectMapping: 0.378800 ms MarkObjects: 3.958400 ms  DeleteObjects: 0.249800 ms)

AssetImportParameters requested are different than current active one (requested -> active):
  custom:video-decoder-ogg-theora: a1e56fd34408186e4bbccfd4996cb3dc -> 
  custom:container-muxer-webm: aa71ff27fc2769a1b78a27578f13a17b -> 
  custom:container-demuxer-webm: 4f35f7cbe854078d1ac9338744f61a02 -> 
  custom:video-encoder-webm-vp8: eb34c28f22e8b96e1ab97ce403110664 -> 
  custom:audio-encoder-webm-vorbis: bf7c407c2cedff20999df2af8eb42d56 -> 
  custom:framework-win-MediaFoundation: 216162199b28c13a410421893ffa2e32 -> 
  custom:container-demuxer-ogg: 62fdf1f143b41e24485cea50d1cbac27 -> 
  custom:video-decoder-webm-vp8: 9c59270c3fd7afecdb556c50c9e8de78 -> 
  custom:audio-decoder-ogg-vorbis: bf7c407c2cedff20999df2af8eb42d56 -> 
========================================================================
Received Import Request.
  Time since last request: 70.350427 seconds.
  path: Assets/Script/gamemanager.cs
  artifactKey: Guid(6e05b9424d7ce284f9601873696a2cfa) Importer(815301076,1909f56bfc062723c751e8b465ee728b)
Start importing Assets/Script/gamemanager.cs using Guid(6e05b9424d7ce284f9601873696a2cfa) Importer(815301076,1909f56bfc062723c751e8b465ee728b)  -> (artifact id: '65288cc73fc989572522223c3889b1f5') in 0.012757 seconds 
========================================================================
Received Prepare
Registering precompiled user dll's ...
Registered in 0.019574 seconds.
Begin MonoManager ReloadAssembly
Symbol file LoadedFromMemory doesn't match image E:\Uni\200\Game\Game of life\Library\PackageCache\com.unity.visualscripting@1.7.8\Editor\VisualScripting.Core\Dependencies\YamlDotNet\Unity.VisualScripting.YamlDotNet.dll
Symbol file LoadedFromMemory doesn't match image E:\Uni\200\Game\Game of life\Library\PackageCache\com.unity.visualscripting@1.7.8\Editor\VisualScripting.Core\Dependencies\DotNetZip\Unity.VisualScripting.IonicZip.dll
Native extension for WindowsStandalone target not found
Refreshing native plugins compatible for Editor in 1.20 ms, found 4 plugins.
Preloading 0 native plugins for Editor in 0.00 ms.
Mono: successfully reloaded assembly
- Completed reload, in  1.328 seconds
Domain Reload Profiling:
	ReloadAssembly (1329ms)
		BeginReloadAssembly (209ms)
			ExecutionOrderSort (0ms)
			DisableScriptedObjects (11ms)
			BackupInstance (0ms)
			ReleaseScriptingObjects (2ms)
			CreateAndSetChildDomain (65ms)
		EndReloadAssembly (1006ms)
			LoadAssemblies (136ms)
			RebuildTransferFunctionScriptingTraits (0ms)
			SetupTypeCache (317ms)
			ReleaseScriptCaches (1ms)
			RebuildScriptCaches (80ms)
			SetupLoadedEditorAssemblies (406ms)
				LogAssemblyErrors (0ms)
				InitializePlatformSupportModulesInManaged (17ms)
				SetLoadedEditorAssemblies (1ms)
				RefreshPlugins (1ms)
				BeforeProcessingInitializeOnLoad (118ms)
				ProcessInitializeOnLoadAttributes (224ms)
				ProcessInitializeOnLoadMethodAttributes (41ms)
				AfterProcessingInitializeOnLoad (4ms)
				EditorAssembliesLoaded (0ms)
			ExecutionOrderSort2 (0ms)
			AwakeInstancesAfterBackupRestoration (10ms)
Platform modules already initialized, skipping
Refreshing native plugins compatible for Editor in 2.17 ms, found 4 plugins.
Preloading 0 native plugins for Editor in 0.00 ms.
Unloading 4071 Unused Serialized files (Serialized files now loaded: 0)
Unloading 32 unused Assets / (189.8 KB). Loaded Objects now: 4598.
Memory consumption went from 157.1 MB to 156.9 MB.
Total: 3.485400 ms (FindLiveObjects: 0.415800 ms CreateObjectMapping: 0.253700 ms MarkObjects: 2.655100 ms  DeleteObjects: 0.159600 ms)

AssetImportParameters requested are different than current active one (requested -> active):
  custom:video-decoder-ogg-theora: a1e56fd34408186e4bbccfd4996cb3dc -> 
  custom:container-muxer-webm: aa71ff27fc2769a1b78a27578f13a17b -> 
  custom:container-demuxer-webm: 4f35f7cbe854078d1ac9338744f61a02 -> 
  custom:video-encoder-webm-vp8: eb34c28f22e8b96e1ab97ce403110664 -> 
  custom:audio-encoder-webm-vorbis: bf7c407c2cedff20999df2af8eb42d56 -> 
  custom:framework-win-MediaFoundation: 216162199b28c13a410421893ffa2e32 -> 
  custom:container-demuxer-ogg: 62fdf1f143b41e24485cea50d1cbac27 -> 
  custom:video-decoder-webm-vp8: 9c59270c3fd7afecdb556c50c9e8de78 -> 
  custom:audio-decoder-ogg-vorbis: bf7c407c2cedff20999df2af8eb42d56 -> 
========================================================================
Received Prepare
Registering precompiled user dll's ...
Registered in 0.008485 seconds.
Begin MonoManager ReloadAssembly
Symbol file LoadedFromMemory doesn't match image E:\Uni\200\Game\Game of life\Library\PackageCache\com.unity.visualscripting@1.7.8\Editor\VisualScripting.Core\Dependencies\YamlDotNet\Unity.VisualScripting.YamlDotNet.dll
Symbol file LoadedFromMemory doesn't match image E:\Uni\200\Game\Game of life\Library\PackageCache\com.unity.visualscripting@1.7.8\Editor\VisualScripting.Core\Dependencies\DotNetZip\Unity.VisualScripting.IonicZip.dll
Native extension for WindowsStandalone target not found
Refreshing native plugins compatible for Editor in 1.16 ms, found 4 plugins.
Preloading 0 native plugins for Editor in 0.00 ms.
Mono: successfully reloaded assembly
- Completed reload, in  1.960 seconds
Domain Reload Profiling:
	ReloadAssembly (1961ms)
		BeginReloadAssembly (249ms)
			ExecutionOrderSort (0ms)
			DisableScriptedObjects (11ms)
			BackupInstance (0ms)
			ReleaseScriptingObjects (0ms)
			CreateAndSetChildDomain (50ms)
		EndReloadAssembly (1557ms)
			LoadAssemblies (212ms)
			RebuildTransferFunctionScriptingTraits (0ms)
			SetupTypeCache (384ms)
			ReleaseScriptCaches (3ms)
			RebuildScriptCaches (77ms)
			SetupLoadedEditorAssemblies (870ms)
				LogAssemblyErrors (0ms)
				InitializePlatformSupportModulesInManaged (16ms)
				SetLoadedEditorAssemblies (0ms)
				RefreshPlugins (1ms)
				BeforeProcessingInitializeOnLoad (108ms)
				ProcessInitializeOnLoadAttributes (668ms)
				ProcessInitializeOnLoadMethodAttributes (71ms)
				AfterProcessingInitializeOnLoad (5ms)
				EditorAssembliesLoaded (0ms)
			ExecutionOrderSort2 (0ms)
			AwakeInstancesAfterBackupRestoration (15ms)
Platform modules already initialized, skipping
Refreshing native plugins compatible for Editor in 3.28 ms, found 4 plugins.
Preloading 0 native plugins for Editor in 0.00 ms.
Unloading 4071 Unused Serialized files (Serialized files now loaded: 0)
Unloading 31 unused Assets / (189.8 KB). Loaded Objects now: 4601.
Memory consumption went from 157.1 MB to 156.9 MB.
Total: 4.742700 ms (FindLiveObjects: 0.445900 ms CreateObjectMapping: 0.363400 ms MarkObjects: 3.776900 ms  DeleteObjects: 0.155000 ms)

AssetImportParameters requested are different than current active one (requested -> active):
  custom:video-decoder-ogg-theora: a1e56fd34408186e4bbccfd4996cb3dc -> 
  custom:container-muxer-webm: aa71ff27fc2769a1b78a27578f13a17b -> 
  custom:container-demuxer-webm: 4f35f7cbe854078d1ac9338744f61a02 -> 
  custom:video-encoder-webm-vp8: eb34c28f22e8b96e1ab97ce403110664 -> 
  custom:audio-encoder-webm-vorbis: bf7c407c2cedff20999df2af8eb42d56 -> 
  custom:framework-win-MediaFoundation: 216162199b28c13a410421893ffa2e32 -> 
  custom:container-demuxer-ogg: 62fdf1f143b41e24485cea50d1cbac27 -> 
  custom:video-decoder-webm-vp8: 9c59270c3fd7afecdb556c50c9e8de78 -> 
  custom:audio-decoder-ogg-vorbis: bf7c407c2cedff20999df2af8eb42d56 -> 
========================================================================
Received Prepare
Registering precompiled user dll's ...
Registered in 0.007673 seconds.
Begin MonoManager ReloadAssembly
Symbol file LoadedFromMemory doesn't match image E:\Uni\200\Game\Game of life\Library\PackageCache\com.unity.visualscripting@1.7.8\Editor\VisualScripting.Core\Dependencies\YamlDotNet\Unity.VisualScripting.YamlDotNet.dll
Symbol file LoadedFromMemory doesn't match image E:\Uni\200\Game\Game of life\Library\PackageCache\com.unity.visualscripting@1.7.8\Editor\VisualScripting.Core\Dependencies\DotNetZip\Unity.VisualScripting.IonicZip.dll
Native extension for WindowsStandalone target not found
Refreshing native plugins compatible for Editor in 0.89 ms, found 4 plugins.
Preloading 0 native plugins for Editor in 0.00 ms.
Mono: successfully reloaded assembly
- Completed reload, in  1.886 seconds
Domain Reload Profiling:
	ReloadAssembly (1887ms)
		BeginReloadAssembly (246ms)
			ExecutionOrderSort (0ms)
			DisableScriptedObjects (11ms)
			BackupInstance (0ms)
			ReleaseScriptingObjects (0ms)
			CreateAndSetChildDomain (59ms)
		EndReloadAssembly (1458ms)
			LoadAssemblies (209ms)
			RebuildTransferFunctionScriptingTraits (0ms)
			SetupTypeCache (400ms)
			ReleaseScriptCaches (2ms)
			RebuildScriptCaches (156ms)
			SetupLoadedEditorAssemblies (560ms)
				LogAssemblyErrors (0ms)
				InitializePlatformSupportModulesInManaged (24ms)
				SetLoadedEditorAssemblies (1ms)
				RefreshPlugins (1ms)
				BeforeProcessingInitializeOnLoad (111ms)
				ProcessInitializeOnLoadAttributes (351ms)
				ProcessInitializeOnLoadMethodAttributes (63ms)
				AfterProcessingInitializeOnLoad (10ms)
				EditorAssembliesLoaded (0ms)
			ExecutionOrderSort2 (0ms)
			AwakeInstancesAfterBackupRestoration (12ms)
Platform modules already initialized, skipping
Refreshing native plugins compatible for Editor in 3.87 ms, found 4 plugins.
Preloading 0 native plugins for Editor in 0.00 ms.
Unloading 4071 Unused Serialized files (Serialized files now loaded: 0)
Unloading 31 unused Assets / (189.9 KB). Loaded Objects now: 4604.
Memory consumption went from 157.1 MB to 156.9 MB.
Total: 7.535400 ms (FindLiveObjects: 0.678200 ms CreateObjectMapping: 0.430400 ms MarkObjects: 6.233200 ms  DeleteObjects: 0.192300 ms)

AssetImportParameters requested are different than current active one (requested -> active):
  custom:video-decoder-ogg-theora: a1e56fd34408186e4bbccfd4996cb3dc -> 
  custom:container-muxer-webm: aa71ff27fc2769a1b78a27578f13a17b -> 
  custom:container-demuxer-webm: 4f35f7cbe854078d1ac9338744f61a02 -> 
  custom:video-encoder-webm-vp8: eb34c28f22e8b96e1ab97ce403110664 -> 
  custom:audio-encoder-webm-vorbis: bf7c407c2cedff20999df2af8eb42d56 -> 
  custom:framework-win-MediaFoundation: 216162199b28c13a410421893ffa2e32 -> 
  custom:container-demuxer-ogg: 62fdf1f143b41e24485cea50d1cbac27 -> 
  custom:video-decoder-webm-vp8: 9c59270c3fd7afecdb556c50c9e8de78 -> 
  custom:audio-decoder-ogg-vorbis: bf7c407c2cedff20999df2af8eb42d56 -> 
========================================================================
Received Import Request.
  Time since last request: 185.523800 seconds.
  path: Assets/Sprites/Bedroomwalls.png
  artifactKey: Guid(0eb395e2993cfb243b9d8584d3ef8f2a) Importer(815301076,1909f56bfc062723c751e8b465ee728b)
Start importing Assets/Sprites/Bedroomwalls.png using Guid(0eb395e2993cfb243b9d8584d3ef8f2a) Importer(815301076,1909f56bfc062723c751e8b465ee728b)  -> (artifact id: 'e57179baa773be724467207d94469409') in 0.129234 seconds 
========================================================================
Received Import Request.
  Time since last request: 3135.610550 seconds.
  path: Assets/Sprites/wooden-Floor2.png
  artifactKey: Guid(eb83c706a4c84344a801293d843b92ac) Importer(815301076,1909f56bfc062723c751e8b465ee728b)
Start importing Assets/Sprites/wooden-Floor2.png using Guid(eb83c706a4c84344a801293d843b92ac) Importer(815301076,1909f56bfc062723c751e8b465ee728b)  -> (artifact id: '1969f786d6709a73ea85317a40af449d') in 0.045146 seconds 
========================================================================
Received Import Request.
  Time since last request: 144.375193 seconds.
  path: Assets/Sprites/Kitchen bench.png
  artifactKey: Guid(e7a24047cd57ea3448d1155202be8210) Importer(815301076,1909f56bfc062723c751e8b465ee728b)
Start importing Assets/Sprites/Kitchen bench.png using Guid(e7a24047cd57ea3448d1155202be8210) Importer(815301076,1909f56bfc062723c751e8b465ee728b)  -> (artifact id: 'd1f3cb4e31496a23d0b3a172a7a564d0') in 0.035545 seconds 
========================================================================
Received Import Request.
  Time since last request: 39.981263 seconds.
  path: Assets/Sprites/Kitchen bench.png
  artifactKey: Guid(e7a24047cd57ea3448d1155202be8210) Importer(815301076,1909f56bfc062723c751e8b465ee728b)
Start importing Assets/Sprites/Kitchen bench.png using Guid(e7a24047cd57ea3448d1155202be8210) Importer(815301076,1909f56bfc062723c751e8b465ee728b)  -> (artifact id: 'ccbacd5f6f658b2939e61a6dca8f6aac') in 0.019075 seconds 
========================================================================
Received Import Request.
  Time since last request: 52.463803 seconds.
  path: Assets/Sprites/Kitchen bench.png
  artifactKey: Guid(e7a24047cd57ea3448d1155202be8210) Importer(815301076,1909f56bfc062723c751e8b465ee728b)
Start importing Assets/Sprites/Kitchen bench.png using Guid(e7a24047cd57ea3448d1155202be8210) Importer(815301076,1909f56bfc062723c751e8b465ee728b)  -> (artifact id: '2fee1887d5558c9441c27bf1b2b47dfa') in 0.035812 seconds 
========================================================================
Received Import Request.
  Time since last request: 270.419758 seconds.
  path: Assets/Sprites/Kitchen bench.png
  artifactKey: Guid(e7a24047cd57ea3448d1155202be8210) Importer(815301076,1909f56bfc062723c751e8b465ee728b)
Start importing Assets/Sprites/Kitchen bench.png using Guid(e7a24047cd57ea3448d1155202be8210) Importer(815301076,1909f56bfc062723c751e8b465ee728b)  -> (artifact id: '2bd028de2426149ad8c47818976f96a9') in 0.085351 seconds 
========================================================================
Received Import Request.
  Time since last request: 21.223853 seconds.
  path: Assets/Sprites/Kitchen bench.png
  artifactKey: Guid(e7a24047cd57ea3448d1155202be8210) Importer(815301076,1909f56bfc062723c751e8b465ee728b)
Start importing Assets/Sprites/Kitchen bench.png using Guid(e7a24047cd57ea3448d1155202be8210) Importer(815301076,1909f56bfc062723c751e8b465ee728b)  -> (artifact id: '7eb429722fcaa67fd736461562e71895') in 0.059825 seconds 
========================================================================
Received Import Request.
  Time since last request: 3061.540651 seconds.
  path: Assets/Sprites/carpet.png
  artifactKey: Guid(916eeac0e61ac714eb02565e71e535d3) Importer(815301076,1909f56bfc062723c751e8b465ee728b)
Start importing Assets/Sprites/carpet.png using Guid(916eeac0e61ac714eb02565e71e535d3) Importer(815301076,1909f56bfc062723c751e8b465ee728b)  -> (artifact id: '29ab5c5144571d1ca08c00746f1e1c8a') in 0.117769 seconds 
========================================================================
Received Import Request.
  Time since last request: 3.055474 seconds.
  path: Assets/Sprites/Fridge.png
  artifactKey: Guid(4145f064772c62744b6000c007cc7b73) Importer(815301076,1909f56bfc062723c751e8b465ee728b)
Start importing Assets/Sprites/Fridge.png using Guid(4145f064772c62744b6000c007cc7b73) Importer(815301076,1909f56bfc062723c751e8b465ee728b)  -> (artifact id: '33f5a5bb81c486ce8ad93f4030634e99') in 0.022016 seconds 
========================================================================
Received Import Request.
  Time since last request: 5.582129 seconds.
  path: Assets/Sprites/Table.png
  artifactKey: Guid(f510e8ae8316ca14a877cebc014e8f21) Importer(815301076,1909f56bfc062723c751e8b465ee728b)
Start importing Assets/Sprites/Table.png using Guid(f510e8ae8316ca14a877cebc014e8f21) Importer(815301076,1909f56bfc062723c751e8b465ee728b)  -> (artifact id: 'cd5d0a4f85fbe68a08fa328a35e0a853') in 0.025736 seconds 
========================================================================
Received Import Request.
  Time since last request: 2.401995 seconds.
  path: Assets/Sprites/Door.png
  artifactKey: Guid(97a8f86f29b6adc42a93fe7c1073aa1c) Importer(815301076,1909f56bfc062723c751e8b465ee728b)
Start importing Assets/Sprites/Door.png using Guid(97a8f86f29b6adc42a93fe7c1073aa1c) Importer(815301076,1909f56bfc062723c751e8b465ee728b)  -> (artifact id: 'e55a71be739794eadbd7d61bc1d31071') in 0.031795 seconds 
========================================================================
Received Import Request.
  Time since last request: 1.873175 seconds.
  path: Assets/Sprites/Desk.png
  artifactKey: Guid(636545b906670d94a9f14bfea50f1d01) Importer(815301076,1909f56bfc062723c751e8b465ee728b)
Start importing Assets/Sprites/Desk.png using Guid(636545b906670d94a9f14bfea50f1d01) Importer(815301076,1909f56bfc062723c751e8b465ee728b)  -> (artifact id: '151f87b9cd5644c880db1e7cd7d319bc') in 0.033167 seconds 
========================================================================
Received Import Request.
  Time since last request: 8.002441 seconds.
  path: Assets/Sprites/carpet.png
  artifactKey: Guid(916eeac0e61ac714eb02565e71e535d3) Importer(815301076,1909f56bfc062723c751e8b465ee728b)
Start importing Assets/Sprites/carpet.png using Guid(916eeac0e61ac714eb02565e71e535d3) Importer(815301076,1909f56bfc062723c751e8b465ee728b)  -> (artifact id: '67472d89f5e64eb0288e975ff423b8f4') in 0.064470 seconds 
========================================================================
Received Import Request.
  Time since last request: 10.778570 seconds.
  path: Assets/Sprites/carpet.png
  artifactKey: Guid(916eeac0e61ac714eb02565e71e535d3) Importer(815301076,1909f56bfc062723c751e8b465ee728b)
Start importing Assets/Sprites/carpet.png using Guid(916eeac0e61ac714eb02565e71e535d3) Importer(815301076,1909f56bfc062723c751e8b465ee728b)  -> (artifact id: 'd5bc906bd4aa85cd6cebaea872e7074b') in 0.030706 seconds 
========================================================================
Received Import Request.
  Time since last request: 12.029214 seconds.
  path: Assets/Sprites/Desk.png
  artifactKey: Guid(636545b906670d94a9f14bfea50f1d01) Importer(815301076,1909f56bfc062723c751e8b465ee728b)
Start importing Assets/Sprites/Desk.png using Guid(636545b906670d94a9f14bfea50f1d01) Importer(815301076,1909f56bfc062723c751e8b465ee728b)  -> (artifact id: '6c58b9946ecd69664646d9ae3427e56c') in 0.014674 seconds 
========================================================================
Received Import Request.
  Time since last request: 19.484237 seconds.
  path: Assets/Sprites/Desk.png
  artifactKey: Guid(636545b906670d94a9f14bfea50f1d01) Importer(815301076,1909f56bfc062723c751e8b465ee728b)
Start importing Assets/Sprites/Desk.png using Guid(636545b906670d94a9f14bfea50f1d01) Importer(815301076,1909f56bfc062723c751e8b465ee728b)  -> (artifact id: 'd5a643e008f0ff467b34ee291570bfc7') in 0.051244 seconds 
========================================================================
Received Import Request.
  Time since last request: 25.128601 seconds.
  path: Assets/Sprites/Desk.png
  artifactKey: Guid(636545b906670d94a9f14bfea50f1d01) Importer(815301076,1909f56bfc062723c751e8b465ee728b)
Start importing Assets/Sprites/Desk.png using Guid(636545b906670d94a9f14bfea50f1d01) Importer(815301076,1909f56bfc062723c751e8b465ee728b)  -> (artifact id: 'b0b38be78f731bd3a640c046a357b26d') in 0.044346 seconds 
========================================================================
Received Import Request.
  Time since last request: 8.914301 seconds.
  path: Assets/Sprites/Door.png
  artifactKey: Guid(97a8f86f29b6adc42a93fe7c1073aa1c) Importer(815301076,1909f56bfc062723c751e8b465ee728b)
Start importing Assets/Sprites/Door.png using Guid(97a8f86f29b6adc42a93fe7c1073aa1c) Importer(815301076,1909f56bfc062723c751e8b465ee728b)  -> (artifact id: '2b22cb3a3cbd1d6af4b38bf6be6cdd67') in 0.056061 seconds 
========================================================================
Received Import Request.
  Time since last request: 5.534346 seconds.
  path: Assets/Sprites/Door.png
  artifactKey: Guid(97a8f86f29b6adc42a93fe7c1073aa1c) Importer(815301076,1909f56bfc062723c751e8b465ee728b)
Start importing Assets/Sprites/Door.png using Guid(97a8f86f29b6adc42a93fe7c1073aa1c) Importer(815301076,1909f56bfc062723c751e8b465ee728b)  -> (artifact id: '7a0d3640be903b80a850dd493455b1a1') in 0.017474 seconds 
========================================================================
Received Import Request.
  Time since last request: 6.898775 seconds.
  path: Assets/Sprites/Fridge.png
  artifactKey: Guid(4145f064772c62744b6000c007cc7b73) Importer(815301076,1909f56bfc062723c751e8b465ee728b)
Start importing Assets/Sprites/Fridge.png using Guid(4145f064772c62744b6000c007cc7b73) Importer(815301076,1909f56bfc062723c751e8b465ee728b)  -> (artifact id: '30e2e461a99feaae982bc6b57b932818') in 0.027540 seconds 
========================================================================
Received Import Request.
  Time since last request: 7.434303 seconds.
  path: Assets/Sprites/Fridge.png
  artifactKey: Guid(4145f064772c62744b6000c007cc7b73) Importer(815301076,1909f56bfc062723c751e8b465ee728b)
Start importing Assets/Sprites/Fridge.png using Guid(4145f064772c62744b6000c007cc7b73) Importer(815301076,1909f56bfc062723c751e8b465ee728b)  -> (artifact id: '87d3306ea1ca179ca55fd1af7f7ea586') in 0.043892 seconds 
========================================================================
Received Import Request.
  Time since last request: 15.380832 seconds.
  path: Assets/Sprites/Fridge.png
  artifactKey: Guid(4145f064772c62744b6000c007cc7b73) Importer(815301076,1909f56bfc062723c751e8b465ee728b)
Start importing Assets/Sprites/Fridge.png using Guid(4145f064772c62744b6000c007cc7b73) Importer(815301076,1909f56bfc062723c751e8b465ee728b)  -> (artifact id: 'bc114bf7a5b9e8f36b3b20590fa34bed') in 0.016471 seconds 
========================================================================
Received Import Request.
  Time since last request: 33.895858 seconds.
  path: Assets/Sprites/Door.png
  artifactKey: Guid(97a8f86f29b6adc42a93fe7c1073aa1c) Importer(815301076,1909f56bfc062723c751e8b465ee728b)
Start importing Assets/Sprites/Door.png using Guid(97a8f86f29b6adc42a93fe7c1073aa1c) Importer(815301076,1909f56bfc062723c751e8b465ee728b)  -> (artifact id: 'e6b53efe03fca8f449677febd7b275c3') in 0.021112 seconds 
========================================================================
Received Import Request.
  Time since last request: 31.750811 seconds.
  path: Assets/Sprites/carpet.png
  artifactKey: Guid(916eeac0e61ac714eb02565e71e535d3) Importer(815301076,1909f56bfc062723c751e8b465ee728b)
Start importing Assets/Sprites/carpet.png using Guid(916eeac0e61ac714eb02565e71e535d3) Importer(815301076,1909f56bfc062723c751e8b465ee728b)  -> (artifact id: 'd832ac74b3b199500e23a8576232d51b') in 0.025274 seconds 
========================================================================
Received Import Request.
  Time since last request: 4.513382 seconds.
  path: Assets/Sprites/Desk.png
  artifactKey: Guid(636545b906670d94a9f14bfea50f1d01) Importer(815301076,1909f56bfc062723c751e8b465ee728b)
Start importing Assets/Sprites/Desk.png using Guid(636545b906670d94a9f14bfea50f1d01) Importer(815301076,1909f56bfc062723c751e8b465ee728b)  -> (artifact id: '66d6c6ae909032e3469031153a73b457') in 0.035050 seconds 
========================================================================
Received Import Request.
  Time since last request: 46.502896 seconds.
  path: Assets/Sprites/Table.png
  artifactKey: Guid(f510e8ae8316ca14a877cebc014e8f21) Importer(815301076,1909f56bfc062723c751e8b465ee728b)
Start importing Assets/Sprites/Table.png using Guid(f510e8ae8316ca14a877cebc014e8f21) Importer(815301076,1909f56bfc062723c751e8b465ee728b)  -> (artifact id: 'b557a2027b1ae8d8e21b8c915246c710') in 0.157610 seconds 
========================================================================
Received Import Request.
  Time since last request: 148.838420 seconds.
  path: Assets/Sprites/Suitmade1.png
  artifactKey: Guid(99995f2e8ef5fe042870c08de2e86f4a) Importer(815301076,1909f56bfc062723c751e8b465ee728b)
Start importing Assets/Sprites/Suitmade1.png using Guid(99995f2e8ef5fe042870c08de2e86f4a) Importer(815301076,1909f56bfc062723c751e8b465ee728b)  -> (artifact id: '4bf1032fac8562027a79e1916139c6ad') in 0.038605 seconds 
========================================================================
Received Import Request.
  Time since last request: 26.693817 seconds.
  path: Assets/Sprites/Suitpantsmade.png
  artifactKey: Guid(66ff8b9d5dfb6fa4cbb42ee598d57f88) Importer(815301076,1909f56bfc062723c751e8b465ee728b)
Start importing Assets/Sprites/Suitpantsmade.png using Guid(66ff8b9d5dfb6fa4cbb42ee598d57f88) Importer(815301076,1909f56bfc062723c751e8b465ee728b)  -> (artifact id: '6cdfd7323cec9c3b7d51492679bd920e') in 0.030340 seconds 
========================================================================
Received Import Request.
  Time since last request: 51.130933 seconds.
  path: Assets/Sprites/Casual.png
  artifactKey: Guid(dfaaa7d9f7b5c1547940406d31d0d1a7) Importer(815301076,1909f56bfc062723c751e8b465ee728b)
Start importing Assets/Sprites/Casual.png using Guid(dfaaa7d9f7b5c1547940406d31d0d1a7) Importer(815301076,1909f56bfc062723c751e8b465ee728b)  -> (artifact id: '3521bb8639a338bb45baee269c03c354') in 0.039832 seconds 
========================================================================
Received Import Request.
  Time since last request: 4.662533 seconds.
  path: Assets/Sprites/casualpants.png
  artifactKey: Guid(0979c3635c68f3645b7dc1019fa1c43b) Importer(815301076,1909f56bfc062723c751e8b465ee728b)
Start importing Assets/Sprites/casualpants.png using Guid(0979c3635c68f3645b7dc1019fa1c43b) Importer(815301076,1909f56bfc062723c751e8b465ee728b)  -> (artifact id: 'e1ab331f91adf54d96bc2e37ce7e53a5') in 0.041893 seconds 
