Using pre-set license
Built from '2021.3/staging' branch; Version is '2021.3.7f1 (24e8595d6d43) revision 2418777'; Using compiler version '192829333'; Build Type 'Release'
OS: 'Windows 10  (10.0.19044) 64bit Core' Language: 'en' Physical Memory: 16333 MB
BatchMode: 1, IsHumanControllingUs: 0, StartBugReporterOnCrash: 0, Is64bit: 1, IsPro: 1

COMMAND LINE ARGUMENTS:
D:\programe files x2\Unity\Editor\2021.3.7f1\Editor\Unity.exe
-adb2
-batchMode
-noUpm
-name
AssetImportWorker0
-projectPath
E:/Uni/200/Game/Game of life
-logFile
Logs/AssetImportWorker0.log
-srvPort
60050
Successfully changed project path to: E:/Uni/200/Game/Game of life
E:/Uni/200/Game/Game of life
[UnityMemory] Configuration Parameters - Can be set up in boot.config
    "memorysetup-bucket-allocator-granularity=16"
    "memorysetup-bucket-allocator-bucket-count=8"
    "memorysetup-bucket-allocator-block-size=33554432"
    "memorysetup-bucket-allocator-block-count=8"
    "memorysetup-main-allocator-block-size=16777216"
    "memorysetup-thread-allocator-block-size=16777216"
    "memorysetup-gfx-main-allocator-block-size=16777216"
    "memorysetup-gfx-thread-allocator-block-size=16777216"
    "memorysetup-cache-allocator-block-size=4194304"
    "memorysetup-typetree-allocator-block-size=2097152"
    "memorysetup-profiler-bucket-allocator-granularity=16"
    "memorysetup-profiler-bucket-allocator-bucket-count=8"
    "memorysetup-profiler-bucket-allocator-block-size=33554432"
    "memorysetup-profiler-bucket-allocator-block-count=8"
    "memorysetup-profiler-allocator-block-size=16777216"
    "memorysetup-profiler-editor-allocator-block-size=1048576"
    "memorysetup-temp-allocator-size-main=16777216"
    "memorysetup-job-temp-allocator-block-size=2097152"
    "memorysetup-job-temp-allocator-block-size-background=1048576"
    "memorysetup-job-temp-allocator-reduction-small-platforms=262144"
    "memorysetup-temp-allocator-size-background-worker=32768"
    "memorysetup-temp-allocator-size-job-worker=262144"
    "memorysetup-temp-allocator-size-preload-manager=33554432"
    "memorysetup-temp-allocator-size-nav-mesh-worker=65536"
    "memorysetup-temp-allocator-size-audio-worker=65536"
    "memorysetup-temp-allocator-size-cloud-worker=32768"
    "memorysetup-temp-allocator-size-gi-baking-worker=262144"
    "memorysetup-temp-allocator-size-gfx=262144"
Refreshing native plugins compatible for Editor in 109.04 ms, found 4 plugins.
Preloading 0 native plugins for Editor in 0.00 ms.
Initialize engine version: 2021.3.7f1 (24e8595d6d43)
[Subsystems] Discovering subsystems at path D:/programe files x2/Unity/Editor/2021.3.7f1/Editor/Data/Resources/UnitySubsystems
[Subsystems] Discovering subsystems at path E:/Uni/200/Game/Game of life/Assets
GfxDevice: creating device client; threaded=0; jobified=0
Direct3D:
    Version:  Direct3D 11.0 [level 11.1]
    Renderer: NVIDIA GeForce GTX 1070 (ID=0x1b81)
    Vendor:   NVIDIA
    VRAM:     8088 MB
    Driver:   30.0.15.1295
Initialize mono
Mono path[0] = 'D:/programe files x2/Unity/Editor/2021.3.7f1/Editor/Data/Managed'
Mono path[1] = 'D:/programe files x2/Unity/Editor/2021.3.7f1/Editor/Data/MonoBleedingEdge/lib/mono/unityjit-win32'
Mono config path = 'D:/programe files x2/Unity/Editor/2021.3.7f1/Editor/Data/MonoBleedingEdge/etc'
Using monoOptions --debugger-agent=transport=dt_socket,embedding=1,server=y,suspend=n,address=127.0.0.1:56916
Begin MonoManager ReloadAssembly
Registering precompiled unity dll's ...
Register platform support module: D:/programe files x2/Unity/Editor/2021.3.7f1/Editor/Data/PlaybackEngines/WindowsStandaloneSupport/UnityEditor.WindowsStandalone.Extensions.dll
Registered in 0.003648 seconds.
Native extension for WindowsStandalone target not found
Refreshing native plugins compatible for Editor in 192.64 ms, found 4 plugins.
Preloading 0 native plugins for Editor in 0.00 ms.
Mono: successfully reloaded assembly
- Completed reload, in  0.786 seconds
Domain Reload Profiling:
	ReloadAssembly (786ms)
		BeginReloadAssembly (98ms)
			ExecutionOrderSort (0ms)
			DisableScriptedObjects (0ms)
			BackupInstance (0ms)
			ReleaseScriptingObjects (0ms)
			CreateAndSetChildDomain (1ms)
		EndReloadAssembly (576ms)
			LoadAssemblies (98ms)
			RebuildTransferFunctionScriptingTraits (0ms)
			SetupTypeCache (110ms)
			ReleaseScriptCaches (0ms)
			RebuildScriptCaches (30ms)
			SetupLoadedEditorAssemblies (385ms)
				LogAssemblyErrors (0ms)
				InitializePlatformSupportModulesInManaged (11ms)
				SetLoadedEditorAssemblies (0ms)
				RefreshPlugins (193ms)
				BeforeProcessingInitializeOnLoad (1ms)
				ProcessInitializeOnLoadAttributes (130ms)
				ProcessInitializeOnLoadMethodAttributes (49ms)
				AfterProcessingInitializeOnLoad (0ms)
				EditorAssembliesLoaded (0ms)
			ExecutionOrderSort2 (0ms)
			AwakeInstancesAfterBackupRestoration (0ms)
Platform modules already initialized, skipping
Registering precompiled user dll's ...
Registered in 0.008764 seconds.
Begin MonoManager ReloadAssembly
Symbol file LoadedFromMemory doesn't match image E:\Uni\200\Game\Game of life\Library\PackageCache\com.unity.visualscripting@1.7.8\Editor\VisualScripting.Core\Dependencies\YamlDotNet\Unity.VisualScripting.YamlDotNet.dll
Symbol file LoadedFromMemory doesn't match image E:\Uni\200\Game\Game of life\Library\PackageCache\com.unity.visualscripting@1.7.8\Editor\VisualScripting.Core\Dependencies\DotNetZip\Unity.VisualScripting.IonicZip.dll
Native extension for WindowsStandalone target not found
Refreshing native plugins compatible for Editor in 101.64 ms, found 4 plugins.
Preloading 0 native plugins for Editor in 0.00 ms.
Mono: successfully reloaded assembly
- Completed reload, in  1.240 seconds
Domain Reload Profiling:
	ReloadAssembly (1241ms)
		BeginReloadAssembly (134ms)
			ExecutionOrderSort (0ms)
			DisableScriptedObjects (6ms)
			BackupInstance (0ms)
			ReleaseScriptingObjects (0ms)
			CreateAndSetChildDomain (18ms)
		EndReloadAssembly (990ms)
			LoadAssemblies (118ms)
			RebuildTransferFunctionScriptingTraits (0ms)
			SetupTypeCache (276ms)
			ReleaseScriptCaches (1ms)
			RebuildScriptCaches (62ms)
			SetupLoadedEditorAssemblies (506ms)
				LogAssemblyErrors (0ms)
				InitializePlatformSupportModulesInManaged (4ms)
				SetLoadedEditorAssemblies (0ms)
				RefreshPlugins (102ms)
				BeforeProcessingInitializeOnLoad (100ms)
				ProcessInitializeOnLoadAttributes (250ms)
				ProcessInitializeOnLoadMethodAttributes (47ms)
				AfterProcessingInitializeOnLoad (4ms)
				EditorAssembliesLoaded (0ms)
			ExecutionOrderSort2 (0ms)
			AwakeInstancesAfterBackupRestoration (8ms)
Platform modules already initialized, skipping
========================================================================
Worker process is ready to serve import requests
Launched and connected shader compiler UnityShaderCompiler.exe after 0.05 seconds
Refreshing native plugins compatible for Editor in 0.83 ms, found 4 plugins.
Preloading 0 native plugins for Editor in 0.00 ms.
Unloading 4082 Unused Serialized files (Serialized files now loaded: 0)
Unloading 44 unused Assets / (222.7 KB). Loaded Objects now: 4533.
Memory consumption went from 153.6 MB to 153.4 MB.
Total: 3.131900 ms (FindLiveObjects: 0.306300 ms CreateObjectMapping: 0.266200 ms MarkObjects: 2.404700 ms  DeleteObjects: 0.154100 ms)

AssetImportParameters requested are different than current active one (requested -> active):
  custom:video-decoder-ogg-theora: a1e56fd34408186e4bbccfd4996cb3dc -> 
  custom:container-muxer-webm: aa71ff27fc2769a1b78a27578f13a17b -> 
  custom:container-demuxer-webm: 4f35f7cbe854078d1ac9338744f61a02 -> 
  custom:video-encoder-webm-vp8: eb34c28f22e8b96e1ab97ce403110664 -> 
  custom:audio-encoder-webm-vorbis: bf7c407c2cedff20999df2af8eb42d56 -> 
  custom:framework-win-MediaFoundation: 216162199b28c13a410421893ffa2e32 -> 
  custom:container-demuxer-ogg: 62fdf1f143b41e24485cea50d1cbac27 -> 
  custom:video-decoder-webm-vp8: 9c59270c3fd7afecdb556c50c9e8de78 -> 
  custom:audio-decoder-ogg-vorbis: bf7c407c2cedff20999df2af8eb42d56 -> 
========================================================================
Received Import Request.
  Time since last request: 1430678.151794 seconds.
  path: Assets/Scenes/Test level.unity
  artifactKey: Guid(0eab034a0f366044ba29be77955be08d) Importer(815301076,1909f56bfc062723c751e8b465ee728b)
Start importing Assets/Scenes/Test level.unity using Guid(0eab034a0f366044ba29be77955be08d) Importer(815301076,1909f56bfc062723c751e8b465ee728b)  -> (artifact id: 'f34fcd9a82c0e7f6aa9fa8e1983eb42e') in 0.009540 seconds 
========================================================================
Received Import Request.
  Time since last request: 0.000026 seconds.
  path: Assets/Scenes/ClothesMinigame.unity
  artifactKey: Guid(55deccb4cb20f6e4e941bf96c7bbd7ed) Importer(815301076,1909f56bfc062723c751e8b465ee728b)
Start importing Assets/Scenes/ClothesMinigame.unity using Guid(55deccb4cb20f6e4e941bf96c7bbd7ed) Importer(815301076,1909f56bfc062723c751e8b465ee728b)  -> (artifact id: 'e734884186d40d9243d6253d88787f3e') in 0.005852 seconds 
========================================================================
Received Import Request.
  Time since last request: 192.789923 seconds.
  path: Assets/Scenes/ClothesMinigame.unity
  artifactKey: Guid(55deccb4cb20f6e4e941bf96c7bbd7ed) Importer(815301076,1909f56bfc062723c751e8b465ee728b)
Start importing Assets/Scenes/ClothesMinigame.unity using Guid(55deccb4cb20f6e4e941bf96c7bbd7ed) Importer(815301076,1909f56bfc062723c751e8b465ee728b)  -> (artifact id: '52099d95d17306c6c1e9d0c04c58ed3a') in 0.001953 seconds 
========================================================================
Received Import Request.
  Time since last request: 0.957008 seconds.
  path: Assets/Scenes/ClothesMinigame 1.unity
  artifactKey: Guid(32b2ae78d4d48774caef588dbd1141a5) Importer(815301076,1909f56bfc062723c751e8b465ee728b)
Start importing Assets/Scenes/ClothesMinigame 1.unity using Guid(32b2ae78d4d48774caef588dbd1141a5) Importer(815301076,1909f56bfc062723c751e8b465ee728b)  -> (artifact id: 'ccbc0a8c0970f0cbf8704c68b2a40c3d') in 0.016188 seconds 
========================================================================
Received Import Request.
  Time since last request: 1.073327 seconds.
  path: Assets/Scenes/ClothesMinigame 2.unity
  artifactKey: Guid(8efa8c95450919c419df9e11e049b2bc) Importer(815301076,1909f56bfc062723c751e8b465ee728b)
Start importing Assets/Scenes/ClothesMinigame 2.unity using Guid(8efa8c95450919c419df9e11e049b2bc) Importer(815301076,1909f56bfc062723c751e8b465ee728b)  -> (artifact id: '522dfdad18bc11f515c319ee40ef7233') in 0.005601 seconds 
========================================================================
Received Import Request.
  Time since last request: 10.555930 seconds.
  path: Assets/Scenes/Whattoeat.unity
  artifactKey: Guid(8efa8c95450919c419df9e11e049b2bc) Importer(815301076,1909f56bfc062723c751e8b465ee728b)
Start importing Assets/Scenes/Whattoeat.unity using Guid(8efa8c95450919c419df9e11e049b2bc) Importer(815301076,1909f56bfc062723c751e8b465ee728b)  -> (artifact id: 'd38db4866c45125e5fe9dad755c2cbed') in 0.007079 seconds 
========================================================================
Received Import Request.
  Time since last request: 13.817436 seconds.
  path: Assets/Scenes/resume.unity
  artifactKey: Guid(55deccb4cb20f6e4e941bf96c7bbd7ed) Importer(815301076,1909f56bfc062723c751e8b465ee728b)
Start importing Assets/Scenes/resume.unity using Guid(55deccb4cb20f6e4e941bf96c7bbd7ed) Importer(815301076,1909f56bfc062723c751e8b465ee728b)  -> (artifact id: '0ba3332ab25d3711f58088fa6929e46d') in 0.006614 seconds 
========================================================================
Received Import Request.
  Time since last request: 216.292251 seconds.
  path: Assets/Scenes/SampleScene.unity
  artifactKey: Guid(2cda990e2423bbf4892e6590ba056729) Importer(815301076,1909f56bfc062723c751e8b465ee728b)
Start importing Assets/Scenes/SampleScene.unity using Guid(2cda990e2423bbf4892e6590ba056729) Importer(815301076,1909f56bfc062723c751e8b465ee728b)  -> (artifact id: 'ee6c00fd0ee88408cef4bb677b625238') in 0.009153 seconds 
========================================================================
Received Import Request.
  Time since last request: 4.505873 seconds.
  path: Assets/Scenes/resume.unity
  artifactKey: Guid(55deccb4cb20f6e4e941bf96c7bbd7ed) Importer(815301076,1909f56bfc062723c751e8b465ee728b)
Start importing Assets/Scenes/resume.unity using Guid(55deccb4cb20f6e4e941bf96c7bbd7ed) Importer(815301076,1909f56bfc062723c751e8b465ee728b)  -> (artifact id: '3100aa2dcf6936ef6664f34896efcf64') in 0.002415 seconds 
========================================================================
Received Import Request.
  Time since last request: 29.257256 seconds.
  path: Assets/Scenes/Main meni.unity
  artifactKey: Guid(6dee9c1904bf5e94daa510e139219d62) Importer(815301076,1909f56bfc062723c751e8b465ee728b)
Start importing Assets/Scenes/Main meni.unity using Guid(6dee9c1904bf5e94daa510e139219d62) Importer(815301076,1909f56bfc062723c751e8b465ee728b)  -> (artifact id: '5e9a1c223f8ed585e7e0d942f73ba3b5') in 0.006152 seconds 
========================================================================
Received Import Request.
  Time since last request: 9.115317 seconds.
  path: Assets/Scenes/Main menu.unity
  artifactKey: Guid(6dee9c1904bf5e94daa510e139219d62) Importer(815301076,1909f56bfc062723c751e8b465ee728b)
Start importing Assets/Scenes/Main menu.unity using Guid(6dee9c1904bf5e94daa510e139219d62) Importer(815301076,1909f56bfc062723c751e8b465ee728b)  -> (artifact id: '80bdd886287a836c9e4533799283b15a') in 0.009498 seconds 
========================================================================
Received Import Request.
  Time since last request: 97.846439 seconds.
  path: Assets/Test assets/Icon.png
  artifactKey: Guid(a0db7065dd6027748ac186f8c3a07ac5) Importer(815301076,1909f56bfc062723c751e8b465ee728b)
Start importing Assets/Test assets/Icon.png using Guid(a0db7065dd6027748ac186f8c3a07ac5) Importer(815301076,1909f56bfc062723c751e8b465ee728b)  -> (artifact id: 'bb50e52abf0c7029902a46ca3f2093f2') in 0.165611 seconds 
========================================================================
Received Import Request.
  Time since last request: 341.638821 seconds.
  path: Assets/Scenes/End.unity
  artifactKey: Guid(d86cb0b7b83623d4bbaad1882fb94ac6) Importer(815301076,1909f56bfc062723c751e8b465ee728b)
Start importing Assets/Scenes/End.unity using Guid(d86cb0b7b83623d4bbaad1882fb94ac6) Importer(815301076,1909f56bfc062723c751e8b465ee728b)  -> (artifact id: '7e4fea07499ec6d2c831adf22d2d2a09') in 0.006627 seconds 
========================================================================
Received Prepare
Registering precompiled user dll's ...
Registered in 0.010283 seconds.
Begin MonoManager ReloadAssembly
Symbol file LoadedFromMemory doesn't match image E:\Uni\200\Game\Game of life\Library\PackageCache\com.unity.visualscripting@1.7.8\Editor\VisualScripting.Core\Dependencies\YamlDotNet\Unity.VisualScripting.YamlDotNet.dll
Symbol file LoadedFromMemory doesn't match image E:\Uni\200\Game\Game of life\Library\PackageCache\com.unity.visualscripting@1.7.8\Editor\VisualScripting.Core\Dependencies\DotNetZip\Unity.VisualScripting.IonicZip.dll
Native extension for WindowsStandalone target not found
Refreshing native plugins compatible for Editor in 0.70 ms, found 4 plugins.
Preloading 0 native plugins for Editor in 0.00 ms.
Mono: successfully reloaded assembly
- Completed reload, in  1.506 seconds
Domain Reload Profiling:
	ReloadAssembly (1507ms)
		BeginReloadAssembly (174ms)
			ExecutionOrderSort (0ms)
			DisableScriptedObjects (9ms)
			BackupInstance (0ms)
			ReleaseScriptingObjects (0ms)
			CreateAndSetChildDomain (52ms)
		EndReloadAssembly (1219ms)
			LoadAssemblies (141ms)
			RebuildTransferFunctionScriptingTraits (0ms)
			SetupTypeCache (442ms)
			ReleaseScriptCaches (2ms)
			RebuildScriptCaches (71ms)
			SetupLoadedEditorAssemblies (500ms)
				LogAssemblyErrors (0ms)
				InitializePlatformSupportModulesInManaged (14ms)
				SetLoadedEditorAssemblies (1ms)
				RefreshPlugins (1ms)
				BeforeProcessingInitializeOnLoad (97ms)
				ProcessInitializeOnLoadAttributes (326ms)
				ProcessInitializeOnLoadMethodAttributes (57ms)
				AfterProcessingInitializeOnLoad (4ms)
				EditorAssembliesLoaded (0ms)
			ExecutionOrderSort2 (0ms)
			AwakeInstancesAfterBackupRestoration (16ms)
Platform modules already initialized, skipping
Refreshing native plugins compatible for Editor in 2.17 ms, found 4 plugins.
Preloading 0 native plugins for Editor in 0.00 ms.
Unloading 4064 Unused Serialized files (Serialized files now loaded: 0)
Unloading 31 unused Assets / (190.0 KB). Loaded Objects now: 4542.
Memory consumption went from 156.6 MB to 156.5 MB.
Total: 2.837600 ms (FindLiveObjects: 0.281000 ms CreateObjectMapping: 0.190400 ms MarkObjects: 2.231900 ms  DeleteObjects: 0.133600 ms)

AssetImportParameters requested are different than current active one (requested -> active):
  custom:video-decoder-ogg-theora: a1e56fd34408186e4bbccfd4996cb3dc -> 
  custom:container-muxer-webm: aa71ff27fc2769a1b78a27578f13a17b -> 
  custom:container-demuxer-webm: 4f35f7cbe854078d1ac9338744f61a02 -> 
  custom:video-encoder-webm-vp8: eb34c28f22e8b96e1ab97ce403110664 -> 
  custom:audio-encoder-webm-vorbis: bf7c407c2cedff20999df2af8eb42d56 -> 
  custom:framework-win-MediaFoundation: 216162199b28c13a410421893ffa2e32 -> 
  custom:container-demuxer-ogg: 62fdf1f143b41e24485cea50d1cbac27 -> 
  custom:video-decoder-webm-vp8: 9c59270c3fd7afecdb556c50c9e8de78 -> 
  custom:audio-decoder-ogg-vorbis: bf7c407c2cedff20999df2af8eb42d56 -> 
========================================================================
Received Import Request.
  Time since last request: 402.718549 seconds.
  path: Assets/Scenes/Whattoeat.unity
  artifactKey: Guid(8efa8c95450919c419df9e11e049b2bc) Importer(815301076,1909f56bfc062723c751e8b465ee728b)
Start importing Assets/Scenes/Whattoeat.unity using Guid(8efa8c95450919c419df9e11e049b2bc) Importer(815301076,1909f56bfc062723c751e8b465ee728b)  -> (artifact id: '9485dd67310a3c7056e296e5c969d84d') in 0.013496 seconds 
========================================================================
Received Import Request.
  Time since last request: 4.530955 seconds.
  path: Assets/Scenes/resume.unity
  artifactKey: Guid(55deccb4cb20f6e4e941bf96c7bbd7ed) Importer(815301076,1909f56bfc062723c751e8b465ee728b)
Start importing Assets/Scenes/resume.unity using Guid(55deccb4cb20f6e4e941bf96c7bbd7ed) Importer(815301076,1909f56bfc062723c751e8b465ee728b)  -> (artifact id: '81a057d811bf61c9d9c9104fa02ed51f') in 0.004019 seconds 
========================================================================
Received Import Request.
  Time since last request: 0.627185 seconds.
  path: Assets/Scenes/Main menu.unity
  artifactKey: Guid(6dee9c1904bf5e94daa510e139219d62) Importer(815301076,1909f56bfc062723c751e8b465ee728b)
Start importing Assets/Scenes/Main menu.unity using Guid(6dee9c1904bf5e94daa510e139219d62) Importer(815301076,1909f56bfc062723c751e8b465ee728b)  -> (artifact id: '6e37fd7b11d8727bfdcdea95e3169e2c') in 0.002075 seconds 
========================================================================
Received Import Request.
  Time since last request: 0.605723 seconds.
  path: Assets/Scenes/End.unity
  artifactKey: Guid(d86cb0b7b83623d4bbaad1882fb94ac6) Importer(815301076,1909f56bfc062723c751e8b465ee728b)
Start importing Assets/Scenes/End.unity using Guid(d86cb0b7b83623d4bbaad1882fb94ac6) Importer(815301076,1909f56bfc062723c751e8b465ee728b)  -> (artifact id: 'bb653638e962946e1374e6e4ccf7d713') in 0.003265 seconds 
========================================================================
Received Import Request.
  Time since last request: 121.933208 seconds.
  path: Assets/Scenes/Main menu.unity
  artifactKey: Guid(6dee9c1904bf5e94daa510e139219d62) Importer(815301076,1909f56bfc062723c751e8b465ee728b)
Start importing Assets/Scenes/Main menu.unity using Guid(6dee9c1904bf5e94daa510e139219d62) Importer(815301076,1909f56bfc062723c751e8b465ee728b)  -> (artifact id: '00be834f575d12e3c5bd4f277d0a9431') in 0.001899 seconds 
========================================================================
Received Import Request.
  Time since last request: 34.818268 seconds.
  path: Assets/Test assets/Interactable.prefab
  artifactKey: Guid(528e8f628bee55e45b535bb581ab9177) Importer(815301076,1909f56bfc062723c751e8b465ee728b)
Start importing Assets/Test assets/Interactable.prefab using Guid(528e8f628bee55e45b535bb581ab9177) Importer(815301076,1909f56bfc062723c751e8b465ee728b)  -> (artifact id: '275ff0db4d842cebd535bc345641754f') in 0.102663 seconds 
========================================================================
Received Import Request.
  Time since last request: 5.177016 seconds.
  path: Assets/Test assets/Interactable.prefab
  artifactKey: Guid(528e8f628bee55e45b535bb581ab9177) Importer(815301076,1909f56bfc062723c751e8b465ee728b)
Start importing Assets/Test assets/Interactable.prefab using Guid(528e8f628bee55e45b535bb581ab9177) Importer(815301076,1909f56bfc062723c751e8b465ee728b)  -> (artifact id: 'b4f7ee5d8c203225b830a61d6b853d5c') in 0.011079 seconds 
========================================================================
Received Import Request.
  Time since last request: 2.590563 seconds.
  path: Assets/Test assets/Interactable.prefab
  artifactKey: Guid(528e8f628bee55e45b535bb581ab9177) Importer(815301076,1909f56bfc062723c751e8b465ee728b)
Start importing Assets/Test assets/Interactable.prefab using Guid(528e8f628bee55e45b535bb581ab9177) Importer(815301076,1909f56bfc062723c751e8b465ee728b)  -> (artifact id: 'd081ccc5b9c5adfb7210f54885ea2059') in 0.019293 seconds 
========================================================================
Received Import Request.
  Time since last request: 126.823902 seconds.
  path: Assets/Scenes/Test level.unity
  artifactKey: Guid(0eab034a0f366044ba29be77955be08d) Importer(815301076,1909f56bfc062723c751e8b465ee728b)
Start importing Assets/Scenes/Test level.unity using Guid(0eab034a0f366044ba29be77955be08d) Importer(815301076,1909f56bfc062723c751e8b465ee728b)  -> (artifact id: 'a84735ce9abc7d3ca450e67dca769704') in 0.002418 seconds 
========================================================================
Received Import Request.
  Time since last request: 2.740711 seconds.
  path: Assets/Scenes/End 1.unity
  artifactKey: Guid(5b6c357ca3ecad34d93d79a84a9c58ae) Importer(815301076,1909f56bfc062723c751e8b465ee728b)
Start importing Assets/Scenes/End 1.unity using Guid(5b6c357ca3ecad34d93d79a84a9c58ae) Importer(815301076,1909f56bfc062723c751e8b465ee728b)  -> (artifact id: '773ff9666867545327ac523fe2c6ef6b') in 0.006421 seconds 
========================================================================
Received Import Request.
  Time since last request: 19.659101 seconds.
  path: Assets/Scenes/Lose.unity
  artifactKey: Guid(5b6c357ca3ecad34d93d79a84a9c58ae) Importer(815301076,1909f56bfc062723c751e8b465ee728b)
Start importing Assets/Scenes/Lose.unity using Guid(5b6c357ca3ecad34d93d79a84a9c58ae) Importer(815301076,1909f56bfc062723c751e8b465ee728b)  -> (artifact id: 'da426a9e1709efb5df26f76bd2ec3e8e') in 0.008938 seconds 
